

Microchip MPLAB XC8 Assembler V2.45 build 20230818022343 
                                                                                               Fri Feb 16 23:53:30 2024

Microchip MPLAB XC8 C Compiler v2.45 (Free license) build 20230818022343 Og1 
     1                           	processor	16F877A
     2                           	pagewidth 120
     3                           	opt	flic
     4                           	psect	cinit,global,class=CODE,merge=1,delta=2
     5                           	psect	cstackCOMMON,global,class=COMMON,space=1,delta=1,noexec
     6                           	psect	maintext,global,class=CODE,split=1,delta=2
     7                           	psect	text1,local,class=CODE,merge=1,delta=2
     8                           	psect	text2,local,class=CODE,merge=1,delta=2
     9                           	psect	text3,local,class=CODE,merge=1,delta=2
    10                           	dabs	1,0x7E,2
    11     0000                     
    12                           ; Generated 22/03/2023 GMT
    13                           ; 
    14                           ; Copyright © 2023, Microchip Technology Inc. and its subsidiaries ("Microchip")
    15                           ; All rights reserved.
    16                           ; 
    17                           ; This software is developed by Microchip Technology Inc. and its subsidiaries ("Microch
      +                          ip").
    18                           ; 
    19                           ; Redistribution and use in source and binary forms, with or without modification, are
    20                           ; permitted provided that the following conditions are met:
    21                           ; 
    22                           ;     1. Redistributions of source code must retain the above copyright notice, this lis
      +                          t of
    23                           ;        conditions and the following disclaimer.
    24                           ; 
    25                           ;     2. Redistributions in binary form must reproduce the above copyright notice, this 
      +                          list
    26                           ;        of conditions and the following disclaimer in the documentation and/or other
    27                           ;        materials provided with the distribution. Publication is not required when
    28                           ;        this file is used in an embedded application.
    29                           ; 
    30                           ;     3. Microchip's name may not be used to endorse or promote products derived from th
      +                          is
    31                           ;        software without specific prior written permission.
    32                           ; 
    33                           ; THIS SOFTWARE IS PROVIDED BY MICROCHIP "AS IS" AND ANY EXPRESS OR IMPLIED WARRANTIES,
    34                           ; INCLUDING, BUT NOT LIMITED TO, THE IMPLIED WARRANTIES OF MERCHANTABILITY AND FITNESS F
      +                          OR
    35                           ; PURPOSE ARE DISCLAIMED.  IN NO EVENT SHALL MICROCHIP BE LIABLE FOR ANY DIRECT, INDIREC
      +                          T,
    36                           ; INCIDENTAL, SPECIAL, EXEMPLARY, OR CONSEQUENTIAL DAMAGES (INCLUDING BUT NOT LIMITED TO
    37                           ; PROCUREMENT OF SUBSTITUTE GOODS OR SERVICES; LOSS OF USE, DATA OR PROFITS; OR BUSINESS
    38                           ; INTERRUPTION) HOWSOEVER CAUSED AND ON ANY THEORY OF LIABILITY, WHETHER IN CONTRACT, ST
      +                          RICT
    39                           ; LIABILITY, OR TORT (INCLUDING NEGLIGENCE OR OTHERWISE) ARISING IN ANY WAY OUT OF THE U
      +                          SE OF
    40                           ; THIS SOFTWARE, EVEN IF ADVISED OF THE POSSIBILITY OF SUCH DAMAGE.
    41                           ; 
    42                           ; 
    43                           ; Code-generator required, PIC16F877A Definitions
    44                           ; 
    45                           ; SFR Addresses
    46     0000                     	;# 
    47     0001                     	;# 
    48     0002                     	;# 
    49     0003                     	;# 
    50     0004                     	;# 
    51     0005                     	;# 
    52     0006                     	;# 
    53     0007                     	;# 
    54     0008                     	;# 
    55     0009                     	;# 
    56     000A                     	;# 
    57     000B                     	;# 
    58     000C                     	;# 
    59     000D                     	;# 
    60     000E                     	;# 
    61     000E                     	;# 
    62     000F                     	;# 
    63     0010                     	;# 
    64     0011                     	;# 
    65     0012                     	;# 
    66     0013                     	;# 
    67     0014                     	;# 
    68     0015                     	;# 
    69     0015                     	;# 
    70     0016                     	;# 
    71     0017                     	;# 
    72     0018                     	;# 
    73     0019                     	;# 
    74     001A                     	;# 
    75     001B                     	;# 
    76     001B                     	;# 
    77     001C                     	;# 
    78     001D                     	;# 
    79     001E                     	;# 
    80     001F                     	;# 
    81     0081                     	;# 
    82     0085                     	;# 
    83     0086                     	;# 
    84     0087                     	;# 
    85     0088                     	;# 
    86     0089                     	;# 
    87     008C                     	;# 
    88     008D                     	;# 
    89     008E                     	;# 
    90     0091                     	;# 
    91     0092                     	;# 
    92     0093                     	;# 
    93     0094                     	;# 
    94     0098                     	;# 
    95     0099                     	;# 
    96     009C                     	;# 
    97     009D                     	;# 
    98     009E                     	;# 
    99     009F                     	;# 
   100     010C                     	;# 
   101     010D                     	;# 
   102     010E                     	;# 
   103     010F                     	;# 
   104     018C                     	;# 
   105     018D                     	;# 
   106     0000                     	;# 
   107     0001                     	;# 
   108     0002                     	;# 
   109     0003                     	;# 
   110     0004                     	;# 
   111     0005                     	;# 
   112     0006                     	;# 
   113     0007                     	;# 
   114     0008                     	;# 
   115     0009                     	;# 
   116     000A                     	;# 
   117     000B                     	;# 
   118     000C                     	;# 
   119     000D                     	;# 
   120     000E                     	;# 
   121     000E                     	;# 
   122     000F                     	;# 
   123     0010                     	;# 
   124     0011                     	;# 
   125     0012                     	;# 
   126     0013                     	;# 
   127     0014                     	;# 
   128     0015                     	;# 
   129     0015                     	;# 
   130     0016                     	;# 
   131     0017                     	;# 
   132     0018                     	;# 
   133     0019                     	;# 
   134     001A                     	;# 
   135     001B                     	;# 
   136     001B                     	;# 
   137     001C                     	;# 
   138     001D                     	;# 
   139     001E                     	;# 
   140     001F                     	;# 
   141     0081                     	;# 
   142     0085                     	;# 
   143     0086                     	;# 
   144     0087                     	;# 
   145     0088                     	;# 
   146     0089                     	;# 
   147     008C                     	;# 
   148     008D                     	;# 
   149     008E                     	;# 
   150     0091                     	;# 
   151     0092                     	;# 
   152     0093                     	;# 
   153     0094                     	;# 
   154     0098                     	;# 
   155     0099                     	;# 
   156     009C                     	;# 
   157     009D                     	;# 
   158     009E                     	;# 
   159     009F                     	;# 
   160     010C                     	;# 
   161     010D                     	;# 
   162     010E                     	;# 
   163     010F                     	;# 
   164     018C                     	;# 
   165     018D                     	;# 
   166     0000                     	;# 
   167     0001                     	;# 
   168     0002                     	;# 
   169     0003                     	;# 
   170     0004                     	;# 
   171     0005                     	;# 
   172     0006                     	;# 
   173     0007                     	;# 
   174     0008                     	;# 
   175     0009                     	;# 
   176     000A                     	;# 
   177     000B                     	;# 
   178     000C                     	;# 
   179     000D                     	;# 
   180     000E                     	;# 
   181     000E                     	;# 
   182     000F                     	;# 
   183     0010                     	;# 
   184     0011                     	;# 
   185     0012                     	;# 
   186     0013                     	;# 
   187     0014                     	;# 
   188     0015                     	;# 
   189     0015                     	;# 
   190     0016                     	;# 
   191     0017                     	;# 
   192     0018                     	;# 
   193     0019                     	;# 
   194     001A                     	;# 
   195     001B                     	;# 
   196     001B                     	;# 
   197     001C                     	;# 
   198     001D                     	;# 
   199     001E                     	;# 
   200     001F                     	;# 
   201     0081                     	;# 
   202     0085                     	;# 
   203     0086                     	;# 
   204     0087                     	;# 
   205     0088                     	;# 
   206     0089                     	;# 
   207     008C                     	;# 
   208     008D                     	;# 
   209     008E                     	;# 
   210     0091                     	;# 
   211     0092                     	;# 
   212     0093                     	;# 
   213     0094                     	;# 
   214     0098                     	;# 
   215     0099                     	;# 
   216     009C                     	;# 
   217     009D                     	;# 
   218     009E                     	;# 
   219     009F                     	;# 
   220     010C                     	;# 
   221     010D                     	;# 
   222     010E                     	;# 
   223     010F                     	;# 
   224     018C                     	;# 
   225     018D                     	;# 
   226     0008                     _PORTD	set	8
   227     0088                     _TRISD	set	136
   228                           
   229                           	psect	cinit
   230     07FC                     start_initialization:	
   231                           ; #config settings
   232                           
   233     07FC                     __initialization:
   234     07FC                     end_of_initialization:	
   235                           ;End of C runtime variable initialization code
   236                           
   237     07FC                     __end_of__initialization:
   238     07FC  0183               	clrf	3
   239     07FD  120A  118A  2FCF   	ljmp	_main	;jump to C main() function
   240                           
   241                           	psect	cstackCOMMON
   242     0070                     __pcstackCOMMON:
   243     0070                     ?_led_init:
   244     0070                     ??_led_init:	
   245                           ; 1 bytes @ 0x0
   246                           
   247     0070                     ?_led_set:	
   248                           ; 1 bytes @ 0x0
   249                           
   250     0070                     ??_led_set:	
   251                           ; 1 bytes @ 0x0
   252                           
   253     0070                     ?_led_clear:	
   254                           ; 1 bytes @ 0x0
   255                           
   256     0070                     ??_led_clear:	
   257                           ; 1 bytes @ 0x0
   258                           
   259     0070                     ?_main:	
   260                           ; 1 bytes @ 0x0
   261                           
   262     0070                     ??_main:	
   263                           ; 1 bytes @ 0x0
   264                           
   265                           
   266                           ; 1 bytes @ 0x0
   267     0070                     	ds	3
   268                           
   269                           	psect	maintext
   270     07CF                     __pmaintext:	
   271 ;;
   272 ;;Main: autosize = 0, tempsize = 3, incstack = 0, save=0
   273 ;;
   274 ;; *************** function _main *****************
   275 ;; Defined at:
   276 ;;		line 4 in file "LED.c"
   277 ;; Parameters:    Size  Location     Type
   278 ;;		None
   279 ;; Auto vars:     Size  Location     Type
   280 ;;		None
   281 ;; Return value:  Size  Location     Type
   282 ;;                  1    wreg      void 
   283 ;; Registers used:
   284 ;;		wreg, status,2, status,0, pclath, cstack
   285 ;; Tracked objects:
   286 ;;		On entry : B00/0
   287 ;;		On exit  : 0/0
   288 ;;		Unchanged: 0/0
   289 ;; Data sizes:     COMMON   BANK0   BANK1   BANK3   BANK2
   290 ;;      Params:         0       0       0       0       0
   291 ;;      Locals:         0       0       0       0       0
   292 ;;      Temps:          3       0       0       0       0
   293 ;;      Totals:         3       0       0       0       0
   294 ;;Total ram usage:        3 bytes
   295 ;; Hardware stack levels required when called: 1
   296 ;; This function calls:
   297 ;;		_led_clear
   298 ;;		_led_init
   299 ;;		_led_set
   300 ;; This function is called by:
   301 ;;		Startup code after reset
   302 ;; This function uses a non-reentrant model
   303 ;;
   304                           
   305     07CF                     _main:	
   306                           ;psect for function _main
   307                           
   308     07CF                     l579:	
   309                           ;incstack = 0
   310                           ; Regs used in _main: [wreg+status,2+status,0+pclath+cstack]
   311                           
   312                           
   313                           ;LED.c: 5:     led_init();
   314     07CF  120A  118A  27C6  120A  118A  	fcall	_led_init
   315     07D4                     l581:
   316                           
   317                           ;LED.c: 7:         led_set();
   318     07D4  120A  118A  27CA  120A  118A  	fcall	_led_set
   319                           
   320                           ;LED.c: 8:         _delay((unsigned long)((1000)*(6000000/4000.0)));
   321     07D9  3008               	movlw	8
   322     07DA  00F2               	movwf	??_main+2
   323     07DB  309D               	movlw	157
   324     07DC  00F1               	movwf	??_main+1
   325     07DD  3005               	movlw	5
   326     07DE  00F0               	movwf	??_main
   327     07DF                     u17:
   328     07DF  0BF0               	decfsz	??_main,f
   329     07E0  2FDF               	goto	u17
   330     07E1  0BF1               	decfsz	??_main+1,f
   331     07E2  2FDF               	goto	u17
   332     07E3  0BF2               	decfsz	??_main+2,f
   333     07E4  2FDF               	goto	u17
   334     07E5  2FE6               	nop2
   335     07E6                     l583:
   336                           
   337                           ;LED.c: 9:         led_clear();
   338     07E6  120A  118A  27C2  120A  118A  	fcall	_led_clear
   339     07EB                     l585:
   340                           
   341                           ;LED.c: 10:         _delay((unsigned long)((1000)*(6000000/4000.0)));
   342     07EB  3008               	movlw	8
   343     07EC  00F2               	movwf	??_main+2
   344     07ED  309D               	movlw	157
   345     07EE  00F1               	movwf	??_main+1
   346     07EF  3005               	movlw	5
   347     07F0  00F0               	movwf	??_main
   348     07F1                     u27:
   349     07F1  0BF0               	decfsz	??_main,f
   350     07F2  2FF1               	goto	u27
   351     07F3  0BF1               	decfsz	??_main+1,f
   352     07F4  2FF1               	goto	u27
   353     07F5  0BF2               	decfsz	??_main+2,f
   354     07F6  2FF1               	goto	u27
   355     07F7  2FF8               	nop2
   356     07F8  2FD4               	goto	l581
   357     07F9  120A  118A  2800   	ljmp	start
   358     07FC                     __end_of_main:
   359                           
   360                           	psect	text1
   361     07CA                     __ptext1:	
   362 ;; *************** function _led_set *****************
   363 ;; Defined at:
   364 ;;		line 6 in file "LED_driver.c"
   365 ;; Parameters:    Size  Location     Type
   366 ;;		None
   367 ;; Auto vars:     Size  Location     Type
   368 ;;		None
   369 ;; Return value:  Size  Location     Type
   370 ;;                  1    wreg      void 
   371 ;; Registers used:
   372 ;;		wreg
   373 ;; Tracked objects:
   374 ;;		On entry : 0/0
   375 ;;		On exit  : 0/0
   376 ;;		Unchanged: 0/0
   377 ;; Data sizes:     COMMON   BANK0   BANK1   BANK3   BANK2
   378 ;;      Params:         0       0       0       0       0
   379 ;;      Locals:         0       0       0       0       0
   380 ;;      Temps:          0       0       0       0       0
   381 ;;      Totals:         0       0       0       0       0
   382 ;;Total ram usage:        0 bytes
   383 ;; Hardware stack levels used: 1
   384 ;; This function calls:
   385 ;;		Nothing
   386 ;; This function is called by:
   387 ;;		_main
   388 ;; This function uses a non-reentrant model
   389 ;;
   390                           
   391     07CA                     _led_set:	
   392                           ;psect for function _led_set
   393                           
   394     07CA                     l575:	
   395                           ;incstack = 0
   396                           ; Regs used in _led_set: [wreg]
   397                           
   398                           
   399                           ;LED_driver.c: 7:     PORTD = 0x01;
   400     07CA  3001               	movlw	1
   401     07CB  1283               	bcf	3,5	;RP0=0, select bank0
   402     07CC  1303               	bcf	3,6	;RP1=0, select bank0
   403     07CD  0088               	movwf	8	;volatile
   404     07CE                     l26:
   405     07CE  0008               	return
   406     07CF                     __end_of_led_set:
   407                           
   408                           	psect	text2
   409     07C6                     __ptext2:	
   410 ;; *************** function _led_init *****************
   411 ;; Defined at:
   412 ;;		line 3 in file "LED_driver.c"
   413 ;; Parameters:    Size  Location     Type
   414 ;;		None
   415 ;; Auto vars:     Size  Location     Type
   416 ;;		None
   417 ;; Return value:  Size  Location     Type
   418 ;;                  1    wreg      void 
   419 ;; Registers used:
   420 ;;		status,2
   421 ;; Tracked objects:
   422 ;;		On entry : 0/0
   423 ;;		On exit  : 0/0
   424 ;;		Unchanged: 0/0
   425 ;; Data sizes:     COMMON   BANK0   BANK1   BANK3   BANK2
   426 ;;      Params:         0       0       0       0       0
   427 ;;      Locals:         0       0       0       0       0
   428 ;;      Temps:          0       0       0       0       0
   429 ;;      Totals:         0       0       0       0       0
   430 ;;Total ram usage:        0 bytes
   431 ;; Hardware stack levels used: 1
   432 ;; This function calls:
   433 ;;		Nothing
   434 ;; This function is called by:
   435 ;;		_main
   436 ;; This function uses a non-reentrant model
   437 ;;
   438                           
   439     07C6                     _led_init:	
   440                           ;psect for function _led_init
   441                           
   442     07C6                     l573:	
   443                           ;incstack = 0
   444                           ; Regs used in _led_init: [status,2]
   445                           
   446                           
   447                           ;LED_driver.c: 4:     TRISD = 0x00;
   448     07C6  1683               	bsf	3,5	;RP0=1, select bank1
   449     07C7  1303               	bcf	3,6	;RP1=0, select bank1
   450     07C8  0188               	clrf	8	;volatile
   451     07C9                     l23:
   452     07C9  0008               	return
   453     07CA                     __end_of_led_init:
   454                           
   455                           	psect	text3
   456     07C2                     __ptext3:	
   457 ;; *************** function _led_clear *****************
   458 ;; Defined at:
   459 ;;		line 9 in file "LED_driver.c"
   460 ;; Parameters:    Size  Location     Type
   461 ;;		None
   462 ;; Auto vars:     Size  Location     Type
   463 ;;		None
   464 ;; Return value:  Size  Location     Type
   465 ;;                  1    wreg      void 
   466 ;; Registers used:
   467 ;;		status,2
   468 ;; Tracked objects:
   469 ;;		On entry : 0/0
   470 ;;		On exit  : 0/0
   471 ;;		Unchanged: 0/0
   472 ;; Data sizes:     COMMON   BANK0   BANK1   BANK3   BANK2
   473 ;;      Params:         0       0       0       0       0
   474 ;;      Locals:         0       0       0       0       0
   475 ;;      Temps:          0       0       0       0       0
   476 ;;      Totals:         0       0       0       0       0
   477 ;;Total ram usage:        0 bytes
   478 ;; Hardware stack levels used: 1
   479 ;; This function calls:
   480 ;;		Nothing
   481 ;; This function is called by:
   482 ;;		_main
   483 ;; This function uses a non-reentrant model
   484 ;;
   485                           
   486     07C2                     _led_clear:	
   487                           ;psect for function _led_clear
   488                           
   489     07C2                     l577:	
   490                           ;incstack = 0
   491                           ; Regs used in _led_clear: [status,2]
   492                           
   493                           
   494                           ;LED_driver.c: 10:     PORTD = 0x00;
   495     07C2  1283               	bcf	3,5	;RP0=0, select bank0
   496     07C3  1303               	bcf	3,6	;RP1=0, select bank0
   497     07C4  0188               	clrf	8	;volatile
   498     07C5                     l29:
   499     07C5  0008               	return
   500     07C6                     __end_of_led_clear:
   501     007E                     btemp	set	126	;btemp
   502     007E                     wtemp0	set	126

Data Sizes:
    Strings     0
    Constant    0
    Data        0
    BSS         0
    Persistent  0
    Stack       0

Auto Spaces:
    Space          Size  Autos    Used
    COMMON           14      3       3
    BANK0            80      0       0
    BANK1            80      0       0
    BANK3            96      0       0
    BANK2            96      0       0

Pointer List with Targets:

    None.

Critical Paths under _main in COMMON

    None.

Critical Paths under _main in BANK0

    None.

Critical Paths under _main in BANK1

    None.

Critical Paths under _main in BANK3

    None.

Critical Paths under _main in BANK2

    None.

Call Graph Tables:

 ---------------------------------------------------------------------------------
 (Depth) Function   	        Calls       Base Space   Used Autos Params    Refs
 ---------------------------------------------------------------------------------
 (0) _main                                                 3     3      0       0
                                              0 COMMON     3     3      0
                          _led_clear
                           _led_init
                            _led_set
 ---------------------------------------------------------------------------------
 (1) _led_set                                              0     0      0       0
 ---------------------------------------------------------------------------------
 (1) _led_init                                             0     0      0       0
 ---------------------------------------------------------------------------------
 (1) _led_clear                                            0     0      0       0
 ---------------------------------------------------------------------------------
 Estimated maximum stack depth 1
 ---------------------------------------------------------------------------------

 Call Graph Graphs:

 _main (ROOT)
   _led_clear
   _led_init
   _led_set

 Address spaces:
Name               Size   Autos  Total    Cost      Usage
BITCOMMON            E      0       0       0        0.0%
EEDATA             100      0       0       0        0.0%
NULL                 0      0       0       0        0.0%
CODE                 0      0       0       0        0.0%
COMMON               E      3       3       1       21.4%
BITSFR0              0      0       0       1        0.0%
SFR0                 0      0       0       1        0.0%
BITSFR1              0      0       0       2        0.0%
SFR1                 0      0       0       2        0.0%
STACK                0      0       0       2        0.0%
ABS                  0      0       0       3        0.0%
BITBANK0            50      0       0       4        0.0%
BITSFR3              0      0       0       4        0.0%
SFR3                 0      0       0       4        0.0%
BANK0               50      0       0       5        0.0%
BITSFR2              0      0       0       5        0.0%
SFR2                 0      0       0       5        0.0%
BITBANK1            50      0       0       6        0.0%
BANK1               50      0       0       7        0.0%
BITBANK3            60      0       0       8        0.0%
BANK3               60      0       0       9        0.0%
BITBANK2            60      0       0      10        0.0%
BANK2               60      0       0      11        0.0%
DATA                 0      0       0      12        0.0%


Microchip Technology PIC Macro Assembler V2.45 build 20230818022343 
Symbol Table                                                                                   Fri Feb 16 23:53:30 2024

                     l23 07C9                       l26 07CE                       l29 07C5  
                     u17 07DF                       u27 07F1                      l573 07C6  
                    l581 07D4                      l575 07CA                      l583 07E6  
                    l577 07C2                      l585 07EB                      l579 07CF  
                   _main 07CF                     btemp 007E                     start 0000  
                  ?_main 0070                    _PORTD 0008                    _TRISD 0088  
        __end_of_led_set 07CF                    status 0003                    wtemp0 007E  
        __initialization 07FC             __end_of_main 07FC                   ??_main 0070  
       __end_of_led_init 07CA                ??_led_set 0070  __end_of__initialization 07FC  
         __pcstackCOMMON 0070               __pmaintext 07CF                ?_led_init 0070  
      __end_of_led_clear 07C6                  __ptext1 07CA                  __ptext2 07C6  
                __ptext3 07C2                  _led_set 07CA               ??_led_init 0070  
   end_of_initialization 07FC      start_initialization 07FC                ___latbits 0002  
              _led_clear 07C2                 ?_led_set 0070               ?_led_clear 0070  
               _led_init 07C6              ??_led_clear 0070  
