

Microchip MPLAB XC8 Assembler V2.45 build 20230818022343 
                                                                                               Thu May 30 17:24:50 2024

Microchip MPLAB XC8 C Compiler v2.45 (Free license) build 20230818022343 Og1 
     1                           	processor	16F877A
     2                           	pagewidth 120
     3                           	opt	flic
     4                           	psect	cinit,global,class=CODE,merge=1,delta=2
     5                           	psect	cstackCOMMON,global,class=COMMON,space=1,delta=1,noexec
     6                           	psect	cstackBANK0,global,class=BANK0,space=1,delta=1,noexec
     7                           	psect	maintext,global,class=CODE,split=1,delta=2
     8                           	psect	text1,local,class=CODE,merge=1,delta=2
     9                           	psect	text2,local,class=CODE,merge=1,delta=2,group=1
    10                           	psect	text3,local,class=CODE,merge=1,delta=2
    11                           	psect	text4,local,class=CODE,merge=1,delta=2
    12                           	psect	text5,local,class=CODE,merge=1,delta=2
    13                           	psect	text6,local,class=CODE,merge=1,delta=2
    14                           	psect	text7,local,class=CODE,merge=1,delta=2
    15                           	psect	text8,local,class=CODE,merge=1,delta=2
    16                           	psect	text9,local,class=CODE,merge=1,delta=2
    17                           	psect	text10,local,class=CODE,merge=1,delta=2
    18                           	psect	text11,local,class=CODE,merge=1,delta=2
    19                           	psect	config,global,abs,ovrld,class=CONFIG,space=4,delta=2,noexec
    20                           	dabs	1,0x7E,2
    21     0000                     
    22                           ; Generated 22/03/2023 GMT
    23                           ; 
    24                           ; Copyright © 2023, Microchip Technology Inc. and its subsidiaries ("Microchip")
    25                           ; All rights reserved.
    26                           ; 
    27                           ; This software is developed by Microchip Technology Inc. and its subsidiaries ("Microch
      +                          ip").
    28                           ; 
    29                           ; Redistribution and use in source and binary forms, with or without modification, are
    30                           ; permitted provided that the following conditions are met:
    31                           ; 
    32                           ;     1. Redistributions of source code must retain the above copyright notice, this lis
      +                          t of
    33                           ;        conditions and the following disclaimer.
    34                           ; 
    35                           ;     2. Redistributions in binary form must reproduce the above copyright notice, this 
      +                          list
    36                           ;        of conditions and the following disclaimer in the documentation and/or other
    37                           ;        materials provided with the distribution. Publication is not required when
    38                           ;        this file is used in an embedded application.
    39                           ; 
    40                           ;     3. Microchip's name may not be used to endorse or promote products derived from th
      +                          is
    41                           ;        software without specific prior written permission.
    42                           ; 
    43                           ; THIS SOFTWARE IS PROVIDED BY MICROCHIP "AS IS" AND ANY EXPRESS OR IMPLIED WARRANTIES,
    44                           ; INCLUDING, BUT NOT LIMITED TO, THE IMPLIED WARRANTIES OF MERCHANTABILITY AND FITNESS F
      +                          OR
    45                           ; PURPOSE ARE DISCLAIMED.  IN NO EVENT SHALL MICROCHIP BE LIABLE FOR ANY DIRECT, INDIREC
      +                          T,
    46                           ; INCIDENTAL, SPECIAL, EXEMPLARY, OR CONSEQUENTIAL DAMAGES (INCLUDING BUT NOT LIMITED TO
    47                           ; PROCUREMENT OF SUBSTITUTE GOODS OR SERVICES; LOSS OF USE, DATA OR PROFITS; OR BUSINESS
    48                           ; INTERRUPTION) HOWSOEVER CAUSED AND ON ANY THEORY OF LIABILITY, WHETHER IN CONTRACT, ST
      +                          RICT
    49                           ; LIABILITY, OR TORT (INCLUDING NEGLIGENCE OR OTHERWISE) ARISING IN ANY WAY OUT OF THE U
      +                          SE OF
    50                           ; THIS SOFTWARE, EVEN IF ADVISED OF THE POSSIBILITY OF SUCH DAMAGE.
    51                           ; 
    52                           ; 
    53                           ; Code-generator required, PIC16F877A Definitions
    54                           ; 
    55                           ; SFR Addresses
    56     0000                     	;# 
    57     0001                     	;# 
    58     0002                     	;# 
    59     0003                     	;# 
    60     0004                     	;# 
    61     0005                     	;# 
    62     0006                     	;# 
    63     0007                     	;# 
    64     0008                     	;# 
    65     0009                     	;# 
    66     000A                     	;# 
    67     000B                     	;# 
    68     000C                     	;# 
    69     000D                     	;# 
    70     000E                     	;# 
    71     000E                     	;# 
    72     000F                     	;# 
    73     0010                     	;# 
    74     0011                     	;# 
    75     0012                     	;# 
    76     0013                     	;# 
    77     0014                     	;# 
    78     0015                     	;# 
    79     0015                     	;# 
    80     0016                     	;# 
    81     0017                     	;# 
    82     0018                     	;# 
    83     0019                     	;# 
    84     001A                     	;# 
    85     001B                     	;# 
    86     001B                     	;# 
    87     001C                     	;# 
    88     001D                     	;# 
    89     001E                     	;# 
    90     001F                     	;# 
    91     0081                     	;# 
    92     0085                     	;# 
    93     0086                     	;# 
    94     0087                     	;# 
    95     0088                     	;# 
    96     0089                     	;# 
    97     008C                     	;# 
    98     008D                     	;# 
    99     008E                     	;# 
   100     0091                     	;# 
   101     0092                     	;# 
   102     0093                     	;# 
   103     0094                     	;# 
   104     0098                     	;# 
   105     0099                     	;# 
   106     009C                     	;# 
   107     009D                     	;# 
   108     009E                     	;# 
   109     009F                     	;# 
   110     010C                     	;# 
   111     010D                     	;# 
   112     010E                     	;# 
   113     010F                     	;# 
   114     018C                     	;# 
   115     018D                     	;# 
   116     0000                     	;# 
   117     0001                     	;# 
   118     0002                     	;# 
   119     0003                     	;# 
   120     0004                     	;# 
   121     0005                     	;# 
   122     0006                     	;# 
   123     0007                     	;# 
   124     0008                     	;# 
   125     0009                     	;# 
   126     000A                     	;# 
   127     000B                     	;# 
   128     000C                     	;# 
   129     000D                     	;# 
   130     000E                     	;# 
   131     000E                     	;# 
   132     000F                     	;# 
   133     0010                     	;# 
   134     0011                     	;# 
   135     0012                     	;# 
   136     0013                     	;# 
   137     0014                     	;# 
   138     0015                     	;# 
   139     0015                     	;# 
   140     0016                     	;# 
   141     0017                     	;# 
   142     0018                     	;# 
   143     0019                     	;# 
   144     001A                     	;# 
   145     001B                     	;# 
   146     001B                     	;# 
   147     001C                     	;# 
   148     001D                     	;# 
   149     001E                     	;# 
   150     001F                     	;# 
   151     0081                     	;# 
   152     0085                     	;# 
   153     0086                     	;# 
   154     0087                     	;# 
   155     0088                     	;# 
   156     0089                     	;# 
   157     008C                     	;# 
   158     008D                     	;# 
   159     008E                     	;# 
   160     0091                     	;# 
   161     0092                     	;# 
   162     0093                     	;# 
   163     0094                     	;# 
   164     0098                     	;# 
   165     0099                     	;# 
   166     009C                     	;# 
   167     009D                     	;# 
   168     009E                     	;# 
   169     009F                     	;# 
   170     010C                     	;# 
   171     010D                     	;# 
   172     010E                     	;# 
   173     010F                     	;# 
   174     018C                     	;# 
   175     018D                     	;# 
   176     0000                     	;# 
   177     0001                     	;# 
   178     0002                     	;# 
   179     0003                     	;# 
   180     0004                     	;# 
   181     0005                     	;# 
   182     0006                     	;# 
   183     0007                     	;# 
   184     0008                     	;# 
   185     0009                     	;# 
   186     000A                     	;# 
   187     000B                     	;# 
   188     000C                     	;# 
   189     000D                     	;# 
   190     000E                     	;# 
   191     000E                     	;# 
   192     000F                     	;# 
   193     0010                     	;# 
   194     0011                     	;# 
   195     0012                     	;# 
   196     0013                     	;# 
   197     0014                     	;# 
   198     0015                     	;# 
   199     0015                     	;# 
   200     0016                     	;# 
   201     0017                     	;# 
   202     0018                     	;# 
   203     0019                     	;# 
   204     001A                     	;# 
   205     001B                     	;# 
   206     001B                     	;# 
   207     001C                     	;# 
   208     001D                     	;# 
   209     001E                     	;# 
   210     001F                     	;# 
   211     0081                     	;# 
   212     0085                     	;# 
   213     0086                     	;# 
   214     0087                     	;# 
   215     0088                     	;# 
   216     0089                     	;# 
   217     008C                     	;# 
   218     008D                     	;# 
   219     008E                     	;# 
   220     0091                     	;# 
   221     0092                     	;# 
   222     0093                     	;# 
   223     0094                     	;# 
   224     0098                     	;# 
   225     0099                     	;# 
   226     009C                     	;# 
   227     009D                     	;# 
   228     009E                     	;# 
   229     009F                     	;# 
   230     010C                     	;# 
   231     010D                     	;# 
   232     010E                     	;# 
   233     010F                     	;# 
   234     018C                     	;# 
   235     018D                     	;# 
   236     0013                     _SSPBUF	set	19
   237     0014                     _SSPCON	set	20
   238     0063                     _SSPIF	set	99
   239     0094                     _SSPSTAT	set	148
   240     0093                     _SSPADD	set	147
   241     0091                     _SSPCON2	set	145
   242     048C                     _ACKEN	set	1164
   243     048D                     _ACKDT	set	1165
   244     048B                     _RCEN	set	1163
   245     048E                     _ACKSTAT	set	1166
   246     048A                     _PEN	set	1162
   247     0489                     _RSEN	set	1161
   248     0488                     _SEN	set	1160
   249     043C                     _TRISC4	set	1084
   250     043B                     _TRISC3	set	1083
   251                           
   252                           	psect	cinit
   253     07FC                     start_initialization:	
   254                           ; #config settings
   255                           
   256     07FC                     __initialization:
   257     07FC                     end_of_initialization:	
   258                           ;End of C runtime variable initialization code
   259                           
   260     07FC                     __end_of__initialization:
   261     07FC  0183               	clrf	3
   262     07FD  120A  118A  2F8F   	ljmp	_main	;jump to C main() function
   263                           
   264                           	psect	cstackCOMMON
   265     0070                     __pcstackCOMMON:
   266     0070                     ?_main:
   267     0070                     ?_I2C_Master_Wait:	
   268                           ; 1 bytes @ 0x0
   269                           
   270     0070                     ??_I2C_Master_Wait:	
   271                           ; 1 bytes @ 0x0
   272                           
   273     0070                     ?_I2C_Master_Start:	
   274                           ; 1 bytes @ 0x0
   275                           
   276     0070                     ??_I2C_Master_Start:	
   277                           ; 1 bytes @ 0x0
   278                           
   279     0070                     ?_I2C_Master_RepeatedStart:	
   280                           ; 1 bytes @ 0x0
   281                           
   282     0070                     ??_I2C_Master_RepeatedStart:	
   283                           ; 1 bytes @ 0x0
   284                           
   285     0070                     ?_I2C_Master_Stop:	
   286                           ; 1 bytes @ 0x0
   287                           
   288     0070                     ??_I2C_Master_Stop:	
   289                           ; 1 bytes @ 0x0
   290                           
   291     0070                     ?_I2C_Master_Write:	
   292                           ; 1 bytes @ 0x0
   293                           
   294     0070                     ??_I2C_Master_Write:	
   295                           ; 1 bytes @ 0x0
   296                           
   297     0070                     ?_I2C_Read_Byte:	
   298                           ; 1 bytes @ 0x0
   299                           
   300     0070                     ??_I2C_Read_Byte:	
   301                           ; 1 bytes @ 0x0
   302                           
   303     0070                     ?_I2C_NACK:	
   304                           ; 1 bytes @ 0x0
   305                           
   306     0070                     ??_I2C_NACK:	
   307                           ; 1 bytes @ 0x0
   308                           
   309     0070                     ?___lldiv:	
   310                           ; 1 bytes @ 0x0
   311                           
   312     0070                     I2C_Master_Write@data:	
   313                           ; 4 bytes @ 0x0
   314                           
   315     0070                     ___lldiv@divisor:	
   316                           ; 1 bytes @ 0x0
   317                           
   318                           
   319                           ; 4 bytes @ 0x0
   320     0070                     	ds	1
   321     0071                     ?_EEPROM_Write:
   322     0071                     ?_EEPROM_Read:	
   323                           ; 1 bytes @ 0x1
   324                           
   325     0071                     EEPROM_Write@add:	
   326                           ; 1 bytes @ 0x1
   327                           
   328     0071                     EEPROM_Read@add:	
   329                           ; 2 bytes @ 0x1
   330                           
   331                           
   332                           ; 2 bytes @ 0x1
   333     0071                     	ds	2
   334     0073                     ??_EEPROM_Read:
   335     0073                     EEPROM_Write@data:	
   336                           ; 1 bytes @ 0x3
   337                           
   338                           
   339                           ; 1 bytes @ 0x3
   340     0073                     	ds	1
   341     0074                     ??_EEPROM_Write:
   342     0074                     ___lldiv@dividend:	
   343                           ; 1 bytes @ 0x4
   344                           
   345                           
   346                           ; 4 bytes @ 0x4
   347     0074                     	ds	4
   348     0078                     ??___lldiv:
   349                           
   350                           ; 1 bytes @ 0x8
   351     0078                     	ds	1
   352     0079                     ___lldiv@quotient:
   353                           
   354                           ; 4 bytes @ 0x9
   355     0079                     	ds	4
   356     007D                     ___lldiv@counter:
   357                           
   358                           ; 1 bytes @ 0xD
   359     007D                     	ds	1
   360                           
   361                           	psect	cstackBANK0
   362     0020                     __pcstackBANK0:
   363     0020                     ?_I2C_Master_Init:
   364     0020                     I2C_Master_Init@baud:	
   365                           ; 1 bytes @ 0x0
   366                           
   367                           
   368                           ; 4 bytes @ 0x0
   369     0020                     	ds	4
   370     0024                     ??_I2C_Master_Init:
   371                           
   372                           ; 1 bytes @ 0x4
   373     0024                     	ds	4
   374     0028                     ??_main:
   375                           
   376                           ; 1 bytes @ 0x8
   377     0028                     	ds	2
   378                           
   379                           	psect	maintext
   380     078F                     __pmaintext:	
   381 ;;
   382 ;;Main: autosize = 0, tempsize = 2, incstack = 0, save=0
   383 ;;
   384 ;; *************** function _main *****************
   385 ;; Defined at:
   386 ;;		line 18 in file "I2C_EEPROM_main.c"
   387 ;; Parameters:    Size  Location     Type
   388 ;;		None
   389 ;; Auto vars:     Size  Location     Type
   390 ;;  Add3            2    0        unsigned int 
   391 ;;  Add2            2    0        unsigned int 
   392 ;;  Add1            2    0        unsigned int 
   393 ;;  Data3           1    0        unsigned char 
   394 ;;  Data2           1    0        unsigned char 
   395 ;;  Data1           1    0        unsigned char 
   396 ;; Return value:  Size  Location     Type
   397 ;;                  1    wreg      void 
   398 ;; Registers used:
   399 ;;		wreg, status,2, status,0, btemp+1, pclath, cstack
   400 ;; Tracked objects:
   401 ;;		On entry : B00/0
   402 ;;		On exit  : 0/0
   403 ;;		Unchanged: 0/0
   404 ;; Data sizes:     COMMON   BANK0   BANK1   BANK3   BANK2
   405 ;;      Params:         0       0       0       0       0
   406 ;;      Locals:         0       0       0       0       0
   407 ;;      Temps:          0       2       0       0       0
   408 ;;      Totals:         0       2       0       0       0
   409 ;;Total ram usage:        2 bytes
   410 ;; Hardware stack levels required when called: 3
   411 ;; This function calls:
   412 ;;		_EEPROM_Read
   413 ;;		_EEPROM_Write
   414 ;;		_I2C_Master_Init
   415 ;; This function is called by:
   416 ;;		Startup code after reset
   417 ;; This function uses a non-reentrant model
   418 ;;
   419                           
   420     078F                     _main:	
   421                           ;psect for function _main
   422                           
   423     078F                     l926:	
   424                           ;incstack = 0
   425                           ; Regs used in _main: [wreg+status,2+status,0+btemp+1+pclath+cstack]
   426                           
   427                           
   428                           ;I2C_EEPROM_main.c: 19:   I2C_Master_Init(100000);
   429     078F  3000               	movlw	0
   430     0790  1283               	bcf	3,5	;RP0=0, select bank0
   431     0791  1303               	bcf	3,6	;RP1=0, select bank0
   432     0792  00A3               	movwf	I2C_Master_Init@baud+3
   433     0793  3001               	movlw	1
   434     0794  00A2               	movwf	I2C_Master_Init@baud+2
   435     0795  3086               	movlw	134
   436     0796  00A1               	movwf	I2C_Master_Init@baud+1
   437     0797  30A0               	movlw	160
   438     0798  00A0               	movwf	I2C_Master_Init@baud
   439     0799  120A  118A  26B4  120A  118A  	fcall	_I2C_Master_Init
   440     079E                     l928:
   441     079E                     l930:
   442     079E                     l932:
   443     079E                     l934:
   444     079E                     l936:
   445     079E                     l938:
   446     079E                     l940:
   447                           
   448                           ;I2C_EEPROM_main.c: 23:   EEPROM_Write(Add1, Data1);
   449     079E  3020               	movlw	32
   450     079F  00F1               	movwf	EEPROM_Write@add
   451     07A0  3000               	movlw	0
   452     07A1  00F2               	movwf	EEPROM_Write@add+1
   453     07A2  3005               	movlw	5
   454     07A3  00F3               	movwf	EEPROM_Write@data
   455     07A4  120A  118A  2686  120A  118A  	fcall	_EEPROM_Write
   456     07A9                     l942:
   457                           
   458                           ;I2C_EEPROM_main.c: 24:   _delay((unsigned long)((10)*(16000000/4000.0)));
   459     07A9  3034               	movlw	52
   460     07AA  1283               	bcf	3,5	;RP0=0, select bank0
   461     07AB  1303               	bcf	3,6	;RP1=0, select bank0
   462     07AC  00A9               	movwf	??_main+1
   463     07AD  30F1               	movlw	241
   464     07AE  00A8               	movwf	??_main
   465     07AF                     u397:
   466     07AF  0BA8               	decfsz	??_main,f
   467     07B0  2FAF               	goto	u397
   468     07B1  0BA9               	decfsz	??_main+1,f
   469     07B2  2FAF               	goto	u397
   470     07B3                     l944:
   471                           
   472                           ;I2C_EEPROM_main.c: 25:   EEPROM_Write(Add2, Data2);
   473     07B3  3028               	movlw	40
   474     07B4  00F1               	movwf	EEPROM_Write@add
   475     07B5  3000               	movlw	0
   476     07B6  00F2               	movwf	EEPROM_Write@add+1
   477     07B7  3032               	movlw	50
   478     07B8  00F3               	movwf	EEPROM_Write@data
   479     07B9  120A  118A  2686  120A  118A  	fcall	_EEPROM_Write
   480     07BE                     l946:
   481                           
   482                           ;I2C_EEPROM_main.c: 26:   _delay((unsigned long)((10)*(16000000/4000.0)));
   483     07BE  3034               	movlw	52
   484     07BF  1283               	bcf	3,5	;RP0=0, select bank0
   485     07C0  1303               	bcf	3,6	;RP1=0, select bank0
   486     07C1  00A9               	movwf	??_main+1
   487     07C2  30F1               	movlw	241
   488     07C3  00A8               	movwf	??_main
   489     07C4                     u407:
   490     07C4  0BA8               	decfsz	??_main,f
   491     07C5  2FC4               	goto	u407
   492     07C6  0BA9               	decfsz	??_main+1,f
   493     07C7  2FC4               	goto	u407
   494     07C8                     l948:
   495                           
   496                           ;I2C_EEPROM_main.c: 27:   EEPROM_Write(Add3, Data3);
   497     07C8  3037               	movlw	55
   498     07C9  00F1               	movwf	EEPROM_Write@add
   499     07CA  3000               	movlw	0
   500     07CB  00F2               	movwf	EEPROM_Write@add+1
   501     07CC  3063               	movlw	99
   502     07CD  00F3               	movwf	EEPROM_Write@data
   503     07CE  120A  118A  2686  120A  118A  	fcall	_EEPROM_Write
   504     07D3                     l950:
   505                           
   506                           ;I2C_EEPROM_main.c: 28:   _delay((unsigned long)((10)*(16000000/4000.0)));
   507     07D3  3034               	movlw	52
   508     07D4  1283               	bcf	3,5	;RP0=0, select bank0
   509     07D5  1303               	bcf	3,6	;RP1=0, select bank0
   510     07D6  00A9               	movwf	??_main+1
   511     07D7  30F1               	movlw	241
   512     07D8  00A8               	movwf	??_main
   513     07D9                     u417:
   514     07D9  0BA8               	decfsz	??_main,f
   515     07DA  2FD9               	goto	u417
   516     07DB  0BA9               	decfsz	??_main+1,f
   517     07DC  2FD9               	goto	u417
   518     07DD                     l952:
   519                           
   520                           ;I2C_EEPROM_main.c: 30:   EEPROM_Read(Add1);
   521     07DD  3020               	movlw	32
   522     07DE  00F1               	movwf	EEPROM_Read@add
   523     07DF  3000               	movlw	0
   524     07E0  00F2               	movwf	EEPROM_Read@add+1
   525     07E1  120A  118A  26EC  120A  118A  	fcall	_EEPROM_Read
   526     07E6                     l954:
   527                           
   528                           ;I2C_EEPROM_main.c: 32:   EEPROM_Read(Add2);
   529     07E6  3028               	movlw	40
   530     07E7  00F1               	movwf	EEPROM_Read@add
   531     07E8  3000               	movlw	0
   532     07E9  00F2               	movwf	EEPROM_Read@add+1
   533     07EA  120A  118A  26EC  120A  118A  	fcall	_EEPROM_Read
   534     07EF                     l956:
   535                           
   536                           ;I2C_EEPROM_main.c: 34:   EEPROM_Read(Add3);
   537     07EF  3037               	movlw	55
   538     07F0  00F1               	movwf	EEPROM_Read@add
   539     07F1  3000               	movlw	0
   540     07F2  00F2               	movwf	EEPROM_Read@add+1
   541     07F3  120A  118A  26EC  120A  118A  	fcall	_EEPROM_Read
   542     07F8                     l13:	
   543                           ;I2C_EEPROM_main.c: 37:   while(1);
   544                           
   545     07F8                     l14:
   546     07F8  2FF8               	goto	l13
   547     07F9  120A  118A  2800   	ljmp	start
   548     07FC                     __end_of_main:
   549                           
   550                           	psect	text1
   551     06B4                     __ptext1:	
   552 ;; *************** function _I2C_Master_Init *****************
   553 ;; Defined at:
   554 ;;		line 7 in file "I2C_EEPROM_driver.c"
   555 ;; Parameters:    Size  Location     Type
   556 ;;  baud            4    0[BANK0 ] const unsigned long 
   557 ;; Auto vars:     Size  Location     Type
   558 ;;		None
   559 ;; Return value:  Size  Location     Type
   560 ;;                  1    wreg      void 
   561 ;; Registers used:
   562 ;;		wreg, status,2, status,0, btemp+1, pclath, cstack
   563 ;; Tracked objects:
   564 ;;		On entry : 0/0
   565 ;;		On exit  : 0/0
   566 ;;		Unchanged: 0/0
   567 ;; Data sizes:     COMMON   BANK0   BANK1   BANK3   BANK2
   568 ;;      Params:         0       4       0       0       0
   569 ;;      Locals:         0       0       0       0       0
   570 ;;      Temps:          0       4       0       0       0
   571 ;;      Totals:         0       8       0       0       0
   572 ;;Total ram usage:        8 bytes
   573 ;; Hardware stack levels used: 1
   574 ;; Hardware stack levels required when called: 1
   575 ;; This function calls:
   576 ;;		___lldiv
   577 ;; This function is called by:
   578 ;;		_main
   579 ;; This function uses a non-reentrant model
   580 ;;
   581                           
   582     06B4                     _I2C_Master_Init:	
   583                           ;psect for function _I2C_Master_Init
   584                           
   585     06B4                     l894:	
   586                           ;incstack = 0
   587                           ; Regs used in _I2C_Master_Init: [wreg+status,2+status,0+btemp+1+pclath+cstack]
   588                           
   589                           
   590                           ;I2C_EEPROM_driver.c: 8:   SSPCON = 0b00101000;
   591     06B4  3028               	movlw	40
   592     06B5  1283               	bcf	3,5	;RP0=0, select bank0
   593     06B6  1303               	bcf	3,6	;RP1=0, select bank0
   594     06B7  0094               	movwf	20	;volatile
   595     06B8                     l896:
   596                           
   597                           ;I2C_EEPROM_driver.c: 9:   SSPCON2 = 0;
   598     06B8  1683               	bsf	3,5	;RP0=1, select bank1
   599     06B9  1303               	bcf	3,6	;RP1=0, select bank1
   600     06BA  0191               	clrf	17	;volatile
   601     06BB                     l898:
   602                           
   603                           ;I2C_EEPROM_driver.c: 10:   SSPADD = (16000000/(4*baud))-1;
   604     06BB  1283               	bcf	3,5	;RP0=0, select bank0
   605     06BC  1303               	bcf	3,6	;RP1=0, select bank0
   606     06BD  0820               	movf	I2C_Master_Init@baud,w
   607     06BE  00A4               	movwf	??_I2C_Master_Init
   608     06BF  0821               	movf	I2C_Master_Init@baud+1,w
   609     06C0  00A5               	movwf	??_I2C_Master_Init+1
   610     06C1  0822               	movf	I2C_Master_Init@baud+2,w
   611     06C2  00A6               	movwf	??_I2C_Master_Init+2
   612     06C3  0823               	movf	I2C_Master_Init@baud+3,w
   613     06C4  00A7               	movwf	??_I2C_Master_Init+3
   614     06C5  3002               	movlw	2
   615     06C6                     u315:
   616     06C6  1003               	clrc
   617     06C7  0DA4               	rlf	??_I2C_Master_Init,f
   618     06C8  0DA5               	rlf	??_I2C_Master_Init+1,f
   619     06C9  0DA6               	rlf	??_I2C_Master_Init+2,f
   620     06CA  0DA7               	rlf	??_I2C_Master_Init+3,f
   621     06CB                     u310:
   622     06CB  3EFF               	addlw	-1
   623     06CC  1D03               	skipz
   624     06CD  2EC6               	goto	u315
   625     06CE  0827               	movf	??_I2C_Master_Init+3,w
   626     06CF  00F3               	movwf	___lldiv@divisor+3
   627     06D0  0826               	movf	??_I2C_Master_Init+2,w
   628     06D1  00F2               	movwf	___lldiv@divisor+2
   629     06D2  0825               	movf	??_I2C_Master_Init+1,w
   630     06D3  00F1               	movwf	___lldiv@divisor+1
   631     06D4  0824               	movf	??_I2C_Master_Init,w
   632     06D5  00F0               	movwf	___lldiv@divisor
   633     06D6  3000               	movlw	0
   634     06D7  00F7               	movwf	___lldiv@dividend+3
   635     06D8  30F4               	movlw	244
   636     06D9  00F6               	movwf	___lldiv@dividend+2
   637     06DA  3024               	movlw	36
   638     06DB  00F5               	movwf	___lldiv@dividend+1
   639     06DC  3000               	movlw	0
   640     06DD  00F4               	movwf	___lldiv@dividend
   641     06DE  120A  118A  2729  120A  118A  	fcall	___lldiv
   642     06E3  0870               	movf	?___lldiv,w
   643     06E4  3EFF               	addlw	255
   644     06E5  1683               	bsf	3,5	;RP0=1, select bank1
   645     06E6  1303               	bcf	3,6	;RP1=0, select bank1
   646     06E7  0093               	movwf	19	;volatile
   647     06E8                     l900:
   648                           
   649                           ;I2C_EEPROM_driver.c: 11:   SSPSTAT = 0;
   650     06E8  0194               	clrf	20	;volatile
   651     06E9                     l902:
   652                           
   653                           ;I2C_EEPROM_driver.c: 12:   TRISC3 = 1;
   654     06E9  1587               	bsf	7,3	;volatile
   655     06EA                     l904:
   656                           
   657                           ;I2C_EEPROM_driver.c: 13:   TRISC4 = 1;
   658     06EA  1607               	bsf	7,4	;volatile
   659     06EB                     l49:
   660     06EB  0008               	return
   661     06EC                     __end_of_I2C_Master_Init:
   662                           
   663                           	psect	text2
   664     0729                     __ptext2:	
   665 ;; *************** function ___lldiv *****************
   666 ;; Defined at:
   667 ;;		line 5 in file "C:\Program Files\Microchip\xc8\v2.45\pic\sources\c99\common\__lldiv.c"
   668 ;; Parameters:    Size  Location     Type
   669 ;;  divisor         4    0[COMMON] unsigned long 
   670 ;;  dividend        4    4[COMMON] unsigned long 
   671 ;; Auto vars:     Size  Location     Type
   672 ;;  quotient        4    9[COMMON] unsigned long 
   673 ;;  counter         1   13[COMMON] unsigned char 
   674 ;; Return value:  Size  Location     Type
   675 ;;                  4    0[COMMON] unsigned long 
   676 ;; Registers used:
   677 ;;		wreg, status,2, status,0, btemp+1
   678 ;; Tracked objects:
   679 ;;		On entry : 0/0
   680 ;;		On exit  : 0/0
   681 ;;		Unchanged: 0/0
   682 ;; Data sizes:     COMMON   BANK0   BANK1   BANK3   BANK2
   683 ;;      Params:         8       0       0       0       0
   684 ;;      Locals:         5       0       0       0       0
   685 ;;      Temps:          1       0       0       0       0
   686 ;;      Totals:        14       0       0       0       0
   687 ;;Total ram usage:       14 bytes
   688 ;; Hardware stack levels used: 1
   689 ;; This function calls:
   690 ;;		Nothing
   691 ;; This function is called by:
   692 ;;		_I2C_Master_Init
   693 ;; This function uses a non-reentrant model
   694 ;;
   695                           
   696     0729                     ___lldiv:	
   697                           ;psect for function ___lldiv
   698                           
   699     0729                     l868:	
   700                           ;incstack = 0
   701                           ; Regs used in ___lldiv: [wreg+status,2+status,0+btemp+1]
   702                           
   703     0729  3000               	movlw	0
   704     072A  00FC               	movwf	___lldiv@quotient+3
   705     072B  3000               	movlw	0
   706     072C  00FB               	movwf	___lldiv@quotient+2
   707     072D  3000               	movlw	0
   708     072E  00FA               	movwf	___lldiv@quotient+1
   709     072F  3000               	movlw	0
   710     0730  00F9               	movwf	___lldiv@quotient
   711     0731  0873               	movf	___lldiv@divisor+3,w
   712     0732  0472               	iorwf	___lldiv@divisor+2,w
   713     0733  0471               	iorwf	___lldiv@divisor+1,w
   714     0734  0470               	iorwf	___lldiv@divisor,w
   715     0735  1903               	skipnz
   716     0736  2F38               	goto	u241
   717     0737  2F39               	goto	u240
   718     0738                     u241:
   719     0738  2F86               	goto	l890
   720     0739                     u240:
   721     0739                     l870:
   722     0739  01FD               	clrf	___lldiv@counter
   723     073A  0AFD               	incf	___lldiv@counter,f
   724     073B  2F49               	goto	l876
   725     073C                     l872:
   726     073C  3001               	movlw	1
   727     073D  00F8               	movwf	??___lldiv
   728     073E                     u255:
   729     073E  1003               	clrc
   730     073F  0DF0               	rlf	___lldiv@divisor,f
   731     0740  0DF1               	rlf	___lldiv@divisor+1,f
   732     0741  0DF2               	rlf	___lldiv@divisor+2,f
   733     0742  0DF3               	rlf	___lldiv@divisor+3,f
   734     0743  0BF8               	decfsz	??___lldiv,f
   735     0744  2F3E               	goto	u255
   736     0745                     l874:
   737     0745  3001               	movlw	1
   738     0746  00FF               	movwf	btemp+1
   739     0747  087F               	movf	btemp+1,w
   740     0748  07FD               	addwf	___lldiv@counter,f
   741     0749                     l876:
   742     0749  1FF3               	btfss	___lldiv@divisor+3,7
   743     074A  2F4C               	goto	u261
   744     074B  2F4D               	goto	u260
   745     074C                     u261:
   746     074C  2F3C               	goto	l872
   747     074D                     u260:
   748     074D                     l878:
   749     074D  3001               	movlw	1
   750     074E  00F8               	movwf	??___lldiv
   751     074F                     u275:
   752     074F  1003               	clrc
   753     0750  0DF9               	rlf	___lldiv@quotient,f
   754     0751  0DFA               	rlf	___lldiv@quotient+1,f
   755     0752  0DFB               	rlf	___lldiv@quotient+2,f
   756     0753  0DFC               	rlf	___lldiv@quotient+3,f
   757     0754  0BF8               	decfsz	??___lldiv,f
   758     0755  2F4F               	goto	u275
   759     0756                     l880:
   760     0756  0873               	movf	___lldiv@divisor+3,w
   761     0757  0277               	subwf	___lldiv@dividend+3,w
   762     0758  1D03               	skipz
   763     0759  2F64               	goto	u285
   764     075A  0872               	movf	___lldiv@divisor+2,w
   765     075B  0276               	subwf	___lldiv@dividend+2,w
   766     075C  1D03               	skipz
   767     075D  2F64               	goto	u285
   768     075E  0871               	movf	___lldiv@divisor+1,w
   769     075F  0275               	subwf	___lldiv@dividend+1,w
   770     0760  1D03               	skipz
   771     0761  2F64               	goto	u285
   772     0762  0870               	movf	___lldiv@divisor,w
   773     0763  0274               	subwf	___lldiv@dividend,w
   774     0764                     u285:
   775     0764  1C03               	skipc
   776     0765  2F67               	goto	u281
   777     0766  2F68               	goto	u280
   778     0767                     u281:
   779     0767  2F77               	goto	l886
   780     0768                     u280:
   781     0768                     l882:
   782     0768  0870               	movf	___lldiv@divisor,w
   783     0769  02F4               	subwf	___lldiv@dividend,f
   784     076A  0871               	movf	___lldiv@divisor+1,w
   785     076B  1C03               	skipc
   786     076C  0F71               	incfsz	___lldiv@divisor+1,w
   787     076D  02F5               	subwf	___lldiv@dividend+1,f
   788     076E  0872               	movf	___lldiv@divisor+2,w
   789     076F  1C03               	skipc
   790     0770  0F72               	incfsz	___lldiv@divisor+2,w
   791     0771  02F6               	subwf	___lldiv@dividend+2,f
   792     0772  0873               	movf	___lldiv@divisor+3,w
   793     0773  1C03               	skipc
   794     0774  0F73               	incfsz	___lldiv@divisor+3,w
   795     0775  02F7               	subwf	___lldiv@dividend+3,f
   796     0776                     l884:
   797     0776  1479               	bsf	___lldiv@quotient,0
   798     0777                     l886:
   799     0777  3001               	movlw	1
   800     0778                     u295:
   801     0778  1003               	clrc
   802     0779  0CF3               	rrf	___lldiv@divisor+3,f
   803     077A  0CF2               	rrf	___lldiv@divisor+2,f
   804     077B  0CF1               	rrf	___lldiv@divisor+1,f
   805     077C  0CF0               	rrf	___lldiv@divisor,f
   806     077D  3EFF               	addlw	-1
   807     077E  1D03               	skipz
   808     077F  2F78               	goto	u295
   809     0780                     l888:
   810     0780  3001               	movlw	1
   811     0781  02FD               	subwf	___lldiv@counter,f
   812     0782  1D03               	btfss	3,2
   813     0783  2F85               	goto	u301
   814     0784  2F86               	goto	u300
   815     0785                     u301:
   816     0785  2F4D               	goto	l878
   817     0786                     u300:
   818     0786                     l890:
   819     0786  087C               	movf	___lldiv@quotient+3,w
   820     0787  00F3               	movwf	?___lldiv+3
   821     0788  087B               	movf	___lldiv@quotient+2,w
   822     0789  00F2               	movwf	?___lldiv+2
   823     078A  087A               	movf	___lldiv@quotient+1,w
   824     078B  00F1               	movwf	?___lldiv+1
   825     078C  0879               	movf	___lldiv@quotient,w
   826     078D  00F0               	movwf	?___lldiv
   827     078E                     l236:
   828     078E  0008               	return
   829     078F                     __end_of___lldiv:
   830                           
   831                           	psect	text3
   832     0686                     __ptext3:	
   833 ;; *************** function _EEPROM_Write *****************
   834 ;; Defined at:
   835 ;;		line 55 in file "I2C_EEPROM_driver.c"
   836 ;; Parameters:    Size  Location     Type
   837 ;;  add             2    1[COMMON] unsigned int 
   838 ;;  data            1    3[COMMON] unsigned char 
   839 ;; Auto vars:     Size  Location     Type
   840 ;;		None
   841 ;; Return value:  Size  Location     Type
   842 ;;                  1    wreg      void 
   843 ;; Registers used:
   844 ;;		wreg, status,2, status,0, pclath, cstack
   845 ;; Tracked objects:
   846 ;;		On entry : 0/0
   847 ;;		On exit  : 0/0
   848 ;;		Unchanged: 0/0
   849 ;; Data sizes:     COMMON   BANK0   BANK1   BANK3   BANK2
   850 ;;      Params:         3       0       0       0       0
   851 ;;      Locals:         0       0       0       0       0
   852 ;;      Temps:          0       0       0       0       0
   853 ;;      Totals:         3       0       0       0       0
   854 ;;Total ram usage:        3 bytes
   855 ;; Hardware stack levels used: 1
   856 ;; Hardware stack levels required when called: 2
   857 ;; This function calls:
   858 ;;		_I2C_Master_RepeatedStart
   859 ;;		_I2C_Master_Start
   860 ;;		_I2C_Master_Stop
   861 ;;		_I2C_Master_Write
   862 ;; This function is called by:
   863 ;;		_main
   864 ;; This function uses a non-reentrant model
   865 ;;
   866                           
   867     0686                     _EEPROM_Write:	
   868                           ;psect for function _EEPROM_Write
   869                           
   870     0686                     l906:	
   871                           ;incstack = 0
   872                           ; Regs used in _EEPROM_Write: [wreg+status,2+status,0+pclath+cstack]
   873                           
   874                           
   875                           ;I2C_EEPROM_driver.c: 56:   I2C_Master_Start();
   876     0686  120A  118A  262F  120A  118A  	fcall	_I2C_Master_Start
   877                           
   878                           ;I2C_EEPROM_driver.c: 57:   while(I2C_Master_Write(0xA0))
   879     068B  2E91               	goto	l85
   880     068C                     l908:
   881                           
   882                           ;I2C_EEPROM_driver.c: 58:     I2C_Master_RepeatedStart();
   883     068C  120A  118A  2626  120A  118A  	fcall	_I2C_Master_RepeatedStart
   884     0691                     l85:
   885                           
   886                           ;I2C_EEPROM_driver.c: 57:   while(I2C_Master_Write(0xA0))
   887     0691  30A0               	movlw	160
   888     0692  120A  118A  265A  120A  118A  	fcall	_I2C_Master_Write
   889     0697  3A00               	xorlw	0
   890     0698  1D03               	skipz
   891     0699  2E9B               	goto	u321
   892     069A  2E9C               	goto	u320
   893     069B                     u321:
   894     069B  2E8C               	goto	l908
   895     069C                     u320:
   896     069C                     l910:
   897                           
   898                           ;I2C_EEPROM_driver.c: 61:   I2C_Master_Write(add>>8);
   899     069C  0872               	movf	EEPROM_Write@add+1,w
   900     069D  120A  118A  265A  120A  118A  	fcall	_I2C_Master_Write
   901                           
   902                           ;I2C_EEPROM_driver.c: 63:   I2C_Master_Write((unsigned char)add);
   903     06A2  0871               	movf	EEPROM_Write@add,w
   904     06A3  120A  118A  265A  120A  118A  	fcall	_I2C_Master_Write
   905                           
   906                           ;I2C_EEPROM_driver.c: 65:   I2C_Master_Write(data);
   907     06A8  0873               	movf	EEPROM_Write@data,w
   908     06A9  120A  118A  265A  120A  118A  	fcall	_I2C_Master_Write
   909                           
   910                           ;I2C_EEPROM_driver.c: 67:   I2C_Master_Stop();
   911     06AE  120A  118A  2638  120A  118A  	fcall	_I2C_Master_Stop
   912     06B3                     l88:
   913     06B3  0008               	return
   914     06B4                     __end_of_EEPROM_Write:
   915                           
   916                           	psect	text4
   917     06EC                     __ptext4:	
   918 ;; *************** function _EEPROM_Read *****************
   919 ;; Defined at:
   920 ;;		line 85 in file "I2C_EEPROM_driver.c"
   921 ;; Parameters:    Size  Location     Type
   922 ;;  add             2    1[COMMON] unsigned int 
   923 ;; Auto vars:     Size  Location     Type
   924 ;;  Data            1    0        unsigned char 
   925 ;; Return value:  Size  Location     Type
   926 ;;                  1    wreg      unsigned char 
   927 ;; Registers used:
   928 ;;		wreg, status,2, status,0, pclath, cstack
   929 ;; Tracked objects:
   930 ;;		On entry : 0/0
   931 ;;		On exit  : 0/0
   932 ;;		Unchanged: 0/0
   933 ;; Data sizes:     COMMON   BANK0   BANK1   BANK3   BANK2
   934 ;;      Params:         2       0       0       0       0
   935 ;;      Locals:         0       0       0       0       0
   936 ;;      Temps:          0       0       0       0       0
   937 ;;      Totals:         2       0       0       0       0
   938 ;;Total ram usage:        2 bytes
   939 ;; Hardware stack levels used: 1
   940 ;; Hardware stack levels required when called: 2
   941 ;; This function calls:
   942 ;;		_I2C_Master_RepeatedStart
   943 ;;		_I2C_Master_Start
   944 ;;		_I2C_Master_Stop
   945 ;;		_I2C_Master_Write
   946 ;;		_I2C_NACK
   947 ;;		_I2C_Read_Byte
   948 ;; This function is called by:
   949 ;;		_main
   950 ;; This function uses a non-reentrant model
   951 ;;
   952                           
   953     06EC                     _EEPROM_Read:	
   954                           ;psect for function _EEPROM_Read
   955                           
   956     06EC                     l912:	
   957                           ;incstack = 0
   958                           ; Regs used in _EEPROM_Read: [wreg+status,2+status,0+pclath+cstack]
   959                           
   960                           
   961                           ;I2C_EEPROM_driver.c: 86:   unsigned char Data;;I2C_EEPROM_driver.c: 87:   I2C_Master_St
      +                          art();
   962     06EC  120A  118A  262F  120A  118A  	fcall	_I2C_Master_Start
   963                           
   964                           ;I2C_EEPROM_driver.c: 88:   while(I2C_Master_Write(0xA0))
   965     06F1  2EF7               	goto	l100
   966     06F2                     l914:
   967                           
   968                           ;I2C_EEPROM_driver.c: 89:     I2C_Master_RepeatedStart();
   969     06F2  120A  118A  2626  120A  118A  	fcall	_I2C_Master_RepeatedStart
   970     06F7                     l100:
   971                           
   972                           ;I2C_EEPROM_driver.c: 88:   while(I2C_Master_Write(0xA0))
   973     06F7  30A0               	movlw	160
   974     06F8  120A  118A  265A  120A  118A  	fcall	_I2C_Master_Write
   975     06FD  3A00               	xorlw	0
   976     06FE  1D03               	skipz
   977     06FF  2F01               	goto	u331
   978     0700  2F02               	goto	u330
   979     0701                     u331:
   980     0701  2EF2               	goto	l914
   981     0702                     u330:
   982     0702                     l916:
   983                           
   984                           ;I2C_EEPROM_driver.c: 92:   I2C_Master_Write(add>>8);
   985     0702  0872               	movf	EEPROM_Read@add+1,w
   986     0703  120A  118A  265A  120A  118A  	fcall	_I2C_Master_Write
   987                           
   988                           ;I2C_EEPROM_driver.c: 94:   I2C_Master_Write((unsigned char)add);
   989     0708  0871               	movf	EEPROM_Read@add,w
   990     0709  120A  118A  265A  120A  118A  	fcall	_I2C_Master_Write
   991                           
   992                           ;I2C_EEPROM_driver.c: 96:   I2C_Master_RepeatedStart();
   993     070E  120A  118A  2626  120A  118A  	fcall	_I2C_Master_RepeatedStart
   994                           
   995                           ;I2C_EEPROM_driver.c: 97:   I2C_Master_Write(0xA1);
   996     0713  30A1               	movlw	161
   997     0714  120A  118A  265A  120A  118A  	fcall	_I2C_Master_Write
   998     0719  120A  118A  266F  120A  118A  	fcall	_I2C_Read_Byte
   999                           
  1000                           ;I2C_EEPROM_driver.c: 100:   I2C_NACK();
  1001     071E  120A  118A  2641  120A  118A  	fcall	_I2C_NACK
  1002                           
  1003                           ;I2C_EEPROM_driver.c: 101:   I2C_Master_Stop();
  1004     0723  120A  118A  2638  120A  118A  	fcall	_I2C_Master_Stop
  1005     0728                     l103:
  1006     0728  0008               	return
  1007     0729                     __end_of_EEPROM_Read:
  1008                           
  1009                           	psect	text5
  1010     066F                     __ptext5:	
  1011 ;; *************** function _I2C_Read_Byte *****************
  1012 ;; Defined at:
  1013 ;;		line 37 in file "I2C_EEPROM_driver.c"
  1014 ;; Parameters:    Size  Location     Type
  1015 ;;		None
  1016 ;; Auto vars:     Size  Location     Type
  1017 ;;		None
  1018 ;; Return value:  Size  Location     Type
  1019 ;;                  1    wreg      unsigned char 
  1020 ;; Registers used:
  1021 ;;		wreg, status,2, status,0, pclath, cstack
  1022 ;; Tracked objects:
  1023 ;;		On entry : 0/0
  1024 ;;		On exit  : 0/0
  1025 ;;		Unchanged: 0/0
  1026 ;; Data sizes:     COMMON   BANK0   BANK1   BANK3   BANK2
  1027 ;;      Params:         0       0       0       0       0
  1028 ;;      Locals:         0       0       0       0       0
  1029 ;;      Temps:          0       0       0       0       0
  1030 ;;      Totals:         0       0       0       0       0
  1031 ;;Total ram usage:        0 bytes
  1032 ;; Hardware stack levels used: 1
  1033 ;; Hardware stack levels required when called: 1
  1034 ;; This function calls:
  1035 ;;		_I2C_Master_Wait
  1036 ;; This function is called by:
  1037 ;;		_EEPROM_Read
  1038 ;;		_EEPROM_Read_Page
  1039 ;; This function uses a non-reentrant model
  1040 ;;
  1041                           
  1042     066F                     _I2C_Read_Byte:	
  1043                           ;psect for function _I2C_Read_Byte
  1044                           
  1045     066F                     l852:	
  1046                           ;incstack = 0
  1047                           ; Regs used in _I2C_Read_Byte: [wreg+status,2+status,0+pclath+cstack]
  1048                           
  1049                           
  1050                           ;I2C_EEPROM_driver.c: 38:   I2C_Master_Wait();
  1051     066F  120A  118A  264D  120A  118A  	fcall	_I2C_Master_Wait
  1052     0674                     l854:
  1053                           
  1054                           ;I2C_EEPROM_driver.c: 39:   RCEN = 1;
  1055     0674  1683               	bsf	3,5	;RP0=1, select bank1
  1056     0675  1303               	bcf	3,6	;RP1=0, select bank1
  1057     0676  1591               	bsf	17,3	;volatile
  1058     0677                     l73:	
  1059                           ;I2C_EEPROM_driver.c: 40:   while(!SSPIF);
  1060                           
  1061     0677  1283               	bcf	3,5	;RP0=0, select bank0
  1062     0678  1D8C               	btfss	12,3	;volatile
  1063     0679  2E7B               	goto	u231
  1064     067A  2E7C               	goto	u230
  1065     067B                     u231:
  1066     067B  2E77               	goto	l73
  1067     067C                     u230:
  1068     067C                     l75:
  1069                           
  1070                           ;I2C_EEPROM_driver.c: 41:   SSPIF = 0;
  1071     067C  118C               	bcf	12,3	;volatile
  1072     067D                     l856:
  1073                           
  1074                           ;I2C_EEPROM_driver.c: 42:   I2C_Master_Wait();
  1075     067D  120A  118A  264D  120A  118A  	fcall	_I2C_Master_Wait
  1076     0682                     l858:
  1077                           
  1078                           ;I2C_EEPROM_driver.c: 43:   return SSPBUF;
  1079     0682  1283               	bcf	3,5	;RP0=0, select bank0
  1080     0683  1303               	bcf	3,6	;RP1=0, select bank0
  1081     0684  0813               	movf	19,w	;volatile
  1082     0685                     l76:
  1083     0685  0008               	return
  1084     0686                     __end_of_I2C_Read_Byte:
  1085                           
  1086                           	psect	text6
  1087     0641                     __ptext6:	
  1088 ;; *************** function _I2C_NACK *****************
  1089 ;; Defined at:
  1090 ;;		line 50 in file "I2C_EEPROM_driver.c"
  1091 ;; Parameters:    Size  Location     Type
  1092 ;;		None
  1093 ;; Auto vars:     Size  Location     Type
  1094 ;;		None
  1095 ;; Return value:  Size  Location     Type
  1096 ;;                  1    wreg      void 
  1097 ;; Registers used:
  1098 ;;		wreg, status,2, status,0, pclath, cstack
  1099 ;; Tracked objects:
  1100 ;;		On entry : 0/0
  1101 ;;		On exit  : 0/0
  1102 ;;		Unchanged: 0/0
  1103 ;; Data sizes:     COMMON   BANK0   BANK1   BANK3   BANK2
  1104 ;;      Params:         0       0       0       0       0
  1105 ;;      Locals:         0       0       0       0       0
  1106 ;;      Temps:          0       0       0       0       0
  1107 ;;      Totals:         0       0       0       0       0
  1108 ;;Total ram usage:        0 bytes
  1109 ;; Hardware stack levels used: 1
  1110 ;; Hardware stack levels required when called: 1
  1111 ;; This function calls:
  1112 ;;		_I2C_Master_Wait
  1113 ;; This function is called by:
  1114 ;;		_EEPROM_Read
  1115 ;;		_EEPROM_Read_Page
  1116 ;; This function uses a non-reentrant model
  1117 ;;
  1118                           
  1119     0641                     _I2C_NACK:	
  1120                           ;psect for function _I2C_NACK
  1121                           
  1122     0641                     l862:	
  1123                           ;incstack = 0
  1124                           ; Regs used in _I2C_NACK: [wreg+status,2+status,0+pclath+cstack]
  1125                           
  1126                           
  1127                           ;I2C_EEPROM_driver.c: 51:   ACKDT = 1;
  1128     0641  1683               	bsf	3,5	;RP0=1, select bank1
  1129     0642  1303               	bcf	3,6	;RP1=0, select bank1
  1130     0643  1691               	bsf	17,5	;volatile
  1131     0644                     l864:
  1132                           
  1133                           ;I2C_EEPROM_driver.c: 52:   I2C_Master_Wait();
  1134     0644  120A  118A  264D  120A  118A  	fcall	_I2C_Master_Wait
  1135     0649                     l866:
  1136                           
  1137                           ;I2C_EEPROM_driver.c: 53:   ACKEN = 1;
  1138     0649  1683               	bsf	3,5	;RP0=1, select bank1
  1139     064A  1303               	bcf	3,6	;RP1=0, select bank1
  1140     064B  1611               	bsf	17,4	;volatile
  1141     064C                     l82:
  1142     064C  0008               	return
  1143     064D                     __end_of_I2C_NACK:
  1144                           
  1145                           	psect	text7
  1146     065A                     __ptext7:	
  1147 ;; *************** function _I2C_Master_Write *****************
  1148 ;; Defined at:
  1149 ;;		line 30 in file "I2C_EEPROM_driver.c"
  1150 ;; Parameters:    Size  Location     Type
  1151 ;;  data            1    wreg     unsigned char 
  1152 ;; Auto vars:     Size  Location     Type
  1153 ;;  data            1    0[COMMON] unsigned char 
  1154 ;; Return value:  Size  Location     Type
  1155 ;;                  1    wreg      unsigned char 
  1156 ;; Registers used:
  1157 ;;		wreg, status,2, status,0, pclath, cstack
  1158 ;; Tracked objects:
  1159 ;;		On entry : 0/0
  1160 ;;		On exit  : 0/0
  1161 ;;		Unchanged: 0/0
  1162 ;; Data sizes:     COMMON   BANK0   BANK1   BANK3   BANK2
  1163 ;;      Params:         0       0       0       0       0
  1164 ;;      Locals:         1       0       0       0       0
  1165 ;;      Temps:          0       0       0       0       0
  1166 ;;      Totals:         1       0       0       0       0
  1167 ;;Total ram usage:        1 bytes
  1168 ;; Hardware stack levels used: 1
  1169 ;; Hardware stack levels required when called: 1
  1170 ;; This function calls:
  1171 ;;		_I2C_Master_Wait
  1172 ;; This function is called by:
  1173 ;;		_EEPROM_Write
  1174 ;;		_EEPROM_Read
  1175 ;;		_EEPROM_Write_Page
  1176 ;;		_EEPROM_Read_Page
  1177 ;; This function uses a non-reentrant model
  1178 ;;
  1179                           
  1180     065A                     _I2C_Master_Write:	
  1181                           ;psect for function _I2C_Master_Write
  1182                           
  1183                           
  1184                           ;incstack = 0
  1185                           ; Regs used in _I2C_Master_Write: [wreg+status,2+status,0+pclath+cstack]
  1186                           ;I2C_Master_Write@data stored from wreg
  1187     065A  00F0               	movwf	I2C_Master_Write@data
  1188     065B                     l844:
  1189                           
  1190                           ;I2C_EEPROM_driver.c: 31:   I2C_Master_Wait();
  1191     065B  120A  118A  264D  120A  118A  	fcall	_I2C_Master_Wait
  1192     0660                     l846:
  1193                           
  1194                           ;I2C_EEPROM_driver.c: 32:   SSPBUF = data;
  1195     0660  0870               	movf	I2C_Master_Write@data,w
  1196     0661  1283               	bcf	3,5	;RP0=0, select bank0
  1197     0662  1303               	bcf	3,6	;RP1=0, select bank0
  1198     0663  0093               	movwf	19	;volatile
  1199     0664                     l67:	
  1200                           ;I2C_EEPROM_driver.c: 33:   while(!SSPIF);
  1201                           
  1202     0664  1D8C               	btfss	12,3	;volatile
  1203     0665  2E67               	goto	u221
  1204     0666  2E68               	goto	u220
  1205     0667                     u221:
  1206     0667  2E64               	goto	l67
  1207     0668                     u220:
  1208     0668                     l69:
  1209                           
  1210                           ;I2C_EEPROM_driver.c: 34:   SSPIF = 0;
  1211     0668  118C               	bcf	12,3	;volatile
  1212     0669                     l848:
  1213                           
  1214                           ;I2C_EEPROM_driver.c: 35:   return ACKSTAT;
  1215     0669  3000               	movlw	0
  1216     066A  1683               	bsf	3,5	;RP0=1, select bank1
  1217     066B  1303               	bcf	3,6	;RP1=0, select bank1
  1218     066C  1B11               	btfsc	17,6	;volatile
  1219     066D  3001               	movlw	1
  1220     066E                     l70:
  1221     066E  0008               	return
  1222     066F                     __end_of_I2C_Master_Write:
  1223                           
  1224                           	psect	text8
  1225     0638                     __ptext8:	
  1226 ;; *************** function _I2C_Master_Stop *****************
  1227 ;; Defined at:
  1228 ;;		line 26 in file "I2C_EEPROM_driver.c"
  1229 ;; Parameters:    Size  Location     Type
  1230 ;;		None
  1231 ;; Auto vars:     Size  Location     Type
  1232 ;;		None
  1233 ;; Return value:  Size  Location     Type
  1234 ;;                  1    wreg      void 
  1235 ;; Registers used:
  1236 ;;		wreg, status,2, status,0, pclath, cstack
  1237 ;; Tracked objects:
  1238 ;;		On entry : 0/0
  1239 ;;		On exit  : 0/0
  1240 ;;		Unchanged: 0/0
  1241 ;; Data sizes:     COMMON   BANK0   BANK1   BANK3   BANK2
  1242 ;;      Params:         0       0       0       0       0
  1243 ;;      Locals:         0       0       0       0       0
  1244 ;;      Temps:          0       0       0       0       0
  1245 ;;      Totals:         0       0       0       0       0
  1246 ;;Total ram usage:        0 bytes
  1247 ;; Hardware stack levels used: 1
  1248 ;; Hardware stack levels required when called: 1
  1249 ;; This function calls:
  1250 ;;		_I2C_Master_Wait
  1251 ;; This function is called by:
  1252 ;;		_EEPROM_Write
  1253 ;;		_EEPROM_Read
  1254 ;;		_EEPROM_Write_Page
  1255 ;;		_EEPROM_Read_Page
  1256 ;; This function uses a non-reentrant model
  1257 ;;
  1258                           
  1259     0638                     _I2C_Master_Stop:	
  1260                           ;psect for function _I2C_Master_Stop
  1261                           
  1262     0638                     l840:	
  1263                           ;incstack = 0
  1264                           ; Regs used in _I2C_Master_Stop: [wreg+status,2+status,0+pclath+cstack]
  1265                           
  1266                           
  1267                           ;I2C_EEPROM_driver.c: 27:   I2C_Master_Wait();
  1268     0638  120A  118A  264D  120A  118A  	fcall	_I2C_Master_Wait
  1269     063D                     l842:
  1270                           
  1271                           ;I2C_EEPROM_driver.c: 28:   PEN = 1;
  1272     063D  1683               	bsf	3,5	;RP0=1, select bank1
  1273     063E  1303               	bcf	3,6	;RP1=0, select bank1
  1274     063F  1511               	bsf	17,2	;volatile
  1275     0640                     l64:
  1276     0640  0008               	return
  1277     0641                     __end_of_I2C_Master_Stop:
  1278                           
  1279                           	psect	text9
  1280     062F                     __ptext9:	
  1281 ;; *************** function _I2C_Master_Start *****************
  1282 ;; Defined at:
  1283 ;;		line 18 in file "I2C_EEPROM_driver.c"
  1284 ;; Parameters:    Size  Location     Type
  1285 ;;		None
  1286 ;; Auto vars:     Size  Location     Type
  1287 ;;		None
  1288 ;; Return value:  Size  Location     Type
  1289 ;;                  1    wreg      void 
  1290 ;; Registers used:
  1291 ;;		wreg, status,2, status,0, pclath, cstack
  1292 ;; Tracked objects:
  1293 ;;		On entry : 0/0
  1294 ;;		On exit  : 0/0
  1295 ;;		Unchanged: 0/0
  1296 ;; Data sizes:     COMMON   BANK0   BANK1   BANK3   BANK2
  1297 ;;      Params:         0       0       0       0       0
  1298 ;;      Locals:         0       0       0       0       0
  1299 ;;      Temps:          0       0       0       0       0
  1300 ;;      Totals:         0       0       0       0       0
  1301 ;;Total ram usage:        0 bytes
  1302 ;; Hardware stack levels used: 1
  1303 ;; Hardware stack levels required when called: 1
  1304 ;; This function calls:
  1305 ;;		_I2C_Master_Wait
  1306 ;; This function is called by:
  1307 ;;		_EEPROM_Write
  1308 ;;		_EEPROM_Read
  1309 ;;		_EEPROM_Write_Page
  1310 ;;		_EEPROM_Read_Page
  1311 ;; This function uses a non-reentrant model
  1312 ;;
  1313                           
  1314     062F                     _I2C_Master_Start:	
  1315                           ;psect for function _I2C_Master_Start
  1316                           
  1317     062F                     l832:	
  1318                           ;incstack = 0
  1319                           ; Regs used in _I2C_Master_Start: [wreg+status,2+status,0+pclath+cstack]
  1320                           
  1321                           
  1322                           ;I2C_EEPROM_driver.c: 19:   I2C_Master_Wait();
  1323     062F  120A  118A  264D  120A  118A  	fcall	_I2C_Master_Wait
  1324     0634                     l834:
  1325                           
  1326                           ;I2C_EEPROM_driver.c: 20:   SEN = 1;
  1327     0634  1683               	bsf	3,5	;RP0=1, select bank1
  1328     0635  1303               	bcf	3,6	;RP1=0, select bank1
  1329     0636  1411               	bsf	17,0	;volatile
  1330     0637                     l58:
  1331     0637  0008               	return
  1332     0638                     __end_of_I2C_Master_Start:
  1333                           
  1334                           	psect	text10
  1335     0626                     __ptext10:	
  1336 ;; *************** function _I2C_Master_RepeatedStart *****************
  1337 ;; Defined at:
  1338 ;;		line 22 in file "I2C_EEPROM_driver.c"
  1339 ;; Parameters:    Size  Location     Type
  1340 ;;		None
  1341 ;; Auto vars:     Size  Location     Type
  1342 ;;		None
  1343 ;; Return value:  Size  Location     Type
  1344 ;;                  1    wreg      void 
  1345 ;; Registers used:
  1346 ;;		wreg, status,2, status,0, pclath, cstack
  1347 ;; Tracked objects:
  1348 ;;		On entry : 0/0
  1349 ;;		On exit  : 0/0
  1350 ;;		Unchanged: 0/0
  1351 ;; Data sizes:     COMMON   BANK0   BANK1   BANK3   BANK2
  1352 ;;      Params:         0       0       0       0       0
  1353 ;;      Locals:         0       0       0       0       0
  1354 ;;      Temps:          0       0       0       0       0
  1355 ;;      Totals:         0       0       0       0       0
  1356 ;;Total ram usage:        0 bytes
  1357 ;; Hardware stack levels used: 1
  1358 ;; Hardware stack levels required when called: 1
  1359 ;; This function calls:
  1360 ;;		_I2C_Master_Wait
  1361 ;; This function is called by:
  1362 ;;		_EEPROM_Write
  1363 ;;		_EEPROM_Read
  1364 ;;		_EEPROM_Write_Page
  1365 ;;		_EEPROM_Read_Page
  1366 ;; This function uses a non-reentrant model
  1367 ;;
  1368                           
  1369     0626                     _I2C_Master_RepeatedStart:	
  1370                           ;psect for function _I2C_Master_RepeatedStart
  1371                           
  1372     0626                     l836:	
  1373                           ;incstack = 0
  1374                           ; Regs used in _I2C_Master_RepeatedStart: [wreg+status,2+status,0+pclath+cstack]
  1375                           
  1376                           
  1377                           ;I2C_EEPROM_driver.c: 23:   I2C_Master_Wait();
  1378     0626  120A  118A  264D  120A  118A  	fcall	_I2C_Master_Wait
  1379     062B                     l838:
  1380                           
  1381                           ;I2C_EEPROM_driver.c: 24:   RSEN = 1;
  1382     062B  1683               	bsf	3,5	;RP0=1, select bank1
  1383     062C  1303               	bcf	3,6	;RP1=0, select bank1
  1384     062D  1491               	bsf	17,1	;volatile
  1385     062E                     l61:
  1386     062E  0008               	return
  1387     062F                     __end_of_I2C_Master_RepeatedStart:
  1388                           
  1389                           	psect	text11
  1390     064D                     __ptext11:	
  1391 ;; *************** function _I2C_Master_Wait *****************
  1392 ;; Defined at:
  1393 ;;		line 15 in file "I2C_EEPROM_driver.c"
  1394 ;; Parameters:    Size  Location     Type
  1395 ;;		None
  1396 ;; Auto vars:     Size  Location     Type
  1397 ;;		None
  1398 ;; Return value:  Size  Location     Type
  1399 ;;                  1    wreg      void 
  1400 ;; Registers used:
  1401 ;;		wreg, status,2
  1402 ;; Tracked objects:
  1403 ;;		On entry : 0/0
  1404 ;;		On exit  : 0/0
  1405 ;;		Unchanged: 0/0
  1406 ;; Data sizes:     COMMON   BANK0   BANK1   BANK3   BANK2
  1407 ;;      Params:         0       0       0       0       0
  1408 ;;      Locals:         0       0       0       0       0
  1409 ;;      Temps:          0       0       0       0       0
  1410 ;;      Totals:         0       0       0       0       0
  1411 ;;Total ram usage:        0 bytes
  1412 ;; Hardware stack levels used: 1
  1413 ;; This function calls:
  1414 ;;		Nothing
  1415 ;; This function is called by:
  1416 ;;		_I2C_Master_Start
  1417 ;;		_I2C_Master_RepeatedStart
  1418 ;;		_I2C_Master_Stop
  1419 ;;		_I2C_Master_Write
  1420 ;;		_I2C_Read_Byte
  1421 ;;		_I2C_NACK
  1422 ;;		_I2C_ACK
  1423 ;; This function uses a non-reentrant model
  1424 ;;
  1425                           
  1426     064D                     _I2C_Master_Wait:	
  1427                           ;psect for function _I2C_Master_Wait
  1428                           
  1429     064D                     l828:	
  1430                           ;incstack = 0
  1431                           ; Regs used in _I2C_Master_Wait: [wreg+status,2]
  1432                           
  1433     064D                     l52:	
  1434                           ;I2C_EEPROM_driver.c: 16:   while ((SSPSTAT & 0x04) || (SSPCON2 & 0x1F));
  1435                           
  1436     064D  1683               	bsf	3,5	;RP0=1, select bank1
  1437     064E  1303               	bcf	3,6	;RP1=0, select bank1
  1438     064F  1914               	btfsc	20,2	;volatile
  1439     0650  2E52               	goto	u201
  1440     0651  2E53               	goto	u200
  1441     0652                     u201:
  1442     0652  2E4D               	goto	l52
  1443     0653                     u200:
  1444     0653                     l830:
  1445     0653  0811               	movf	17,w	;volatile
  1446     0654  391F               	andlw	31
  1447     0655  1D03               	btfss	3,2
  1448     0656  2E58               	goto	u211
  1449     0657  2E59               	goto	u210
  1450     0658                     u211:
  1451     0658  2E4D               	goto	l52
  1452     0659                     u210:
  1453     0659                     l55:
  1454     0659  0008               	return
  1455     065A                     __end_of_I2C_Master_Wait:
  1456     007E                     btemp	set	126	;btemp
  1457     007E                     wtemp0	set	126
  1458                           
  1459                           	psect	config
  1460                           
  1461                           ;Config register CONFIG @ 0x2007
  1462                           ;	Oscillator Selection bits
  1463                           ;	FOSC = EXTRC, RC oscillator
  1464                           ;	Watchdog Timer Enable bit
  1465                           ;	WDTE = OFF, WDT disabled
  1466                           ;	Power-up Timer Enable bit
  1467                           ;	PWRTE = OFF, PWRT disabled
  1468                           ;	Brown-out Reset Enable bit
  1469                           ;	BOREN = OFF, BOR disabled
  1470                           ;	Low-Voltage (Single-Supply) In-Circuit Serial Programming Enable bit
  1471                           ;	LVP = OFF, RB3 is digital I/O, HV on MCLR must be used for programming
  1472                           ;	Data EEPROM Memory Code Protection bit
  1473                           ;	CPD = OFF, Data EEPROM code protection off
  1474                           ;	Flash Program Memory Write Enable bits
  1475                           ;	WRT = OFF, Write protection off; all program memory may be written to by EECON control
  1476                           ;	In-Circuit Debugger Mode bit
  1477                           ;	DEBUG = 0x1, unprogrammed default
  1478                           ;	Flash Program Memory Code Protection bit
  1479                           ;	CP = OFF, Code protection off
  1480     2007                     	org	8199
  1481     2007  3F3B               	dw	16187

Data Sizes:
    Strings     0
    Constant    0
    Data        0
    BSS         0
    Persistent  0
    Stack       0

Auto Spaces:
    Space          Size  Autos    Used
    COMMON           14     14      14
    BANK0            80     10      10
    BANK1            80      0       0
    BANK3            96      0       0
    BANK2            96      0       0

Pointer List with Targets:

    None.

Critical Paths under _main in COMMON

    _I2C_Master_Init->___lldiv
    _EEPROM_Write->_I2C_Master_Write
    _EEPROM_Read->_I2C_Master_Write

Critical Paths under _main in BANK0

    _main->_I2C_Master_Init

Critical Paths under _main in BANK1

    None.

Critical Paths under _main in BANK3

    None.

Critical Paths under _main in BANK2

    None.

Call Graph Tables:

 ---------------------------------------------------------------------------------
 (Depth) Function   	        Calls       Base Space   Used Autos Params    Refs
 ---------------------------------------------------------------------------------
 (0) _main                                                11    11      0    1461
                                              8 BANK0      2     2      0
                        _EEPROM_Read
                       _EEPROM_Write
                    _I2C_Master_Init
 ---------------------------------------------------------------------------------
 (1) _I2C_Master_Init                                      8     4      4     412
                                              0 BANK0      8     4      4
                            ___lldiv
 ---------------------------------------------------------------------------------
 (2) ___lldiv                                             14     6      8     314
                                              0 COMMON    14     6      8
 ---------------------------------------------------------------------------------
 (1) _EEPROM_Write                                         3     0      3     544
                                              1 COMMON     3     0      3
           _I2C_Master_RepeatedStart
                   _I2C_Master_Start
                    _I2C_Master_Stop
                   _I2C_Master_Write
 ---------------------------------------------------------------------------------
 (1) _EEPROM_Read                                          3     1      2     301
                                              1 COMMON     2     0      2
           _I2C_Master_RepeatedStart
                   _I2C_Master_Start
                    _I2C_Master_Stop
                   _I2C_Master_Write
                           _I2C_NACK
                      _I2C_Read_Byte
 ---------------------------------------------------------------------------------
 (2) _I2C_Read_Byte                                        0     0      0       0
                    _I2C_Master_Wait
 ---------------------------------------------------------------------------------
 (2) _I2C_NACK                                             0     0      0       0
                    _I2C_Master_Wait
 ---------------------------------------------------------------------------------
 (2) _I2C_Master_Write                                     1     1      0      22
                                              0 COMMON     1     1      0
                    _I2C_Master_Wait
 ---------------------------------------------------------------------------------
 (2) _I2C_Master_Stop                                      0     0      0       0
                    _I2C_Master_Wait
 ---------------------------------------------------------------------------------
 (2) _I2C_Master_Start                                     0     0      0       0
                    _I2C_Master_Wait
 ---------------------------------------------------------------------------------
 (2) _I2C_Master_RepeatedStart                             0     0      0       0
                    _I2C_Master_Wait
 ---------------------------------------------------------------------------------
 (3) _I2C_Master_Wait                                      0     0      0       0
 ---------------------------------------------------------------------------------
 Estimated maximum stack depth 3
 ---------------------------------------------------------------------------------

 Call Graph Graphs:

 _main (ROOT)
   _EEPROM_Read
     _I2C_Master_RepeatedStart
       _I2C_Master_Wait
     _I2C_Master_Start
       _I2C_Master_Wait
     _I2C_Master_Stop
       _I2C_Master_Wait
     _I2C_Master_Write
       _I2C_Master_Wait
     _I2C_NACK
       _I2C_Master_Wait
     _I2C_Read_Byte
       _I2C_Master_Wait
   _EEPROM_Write
     _I2C_Master_RepeatedStart
     _I2C_Master_Start
     _I2C_Master_Stop
     _I2C_Master_Write
   _I2C_Master_Init
     ___lldiv

 Address spaces:
Name               Size   Autos  Total    Cost      Usage
BITCOMMON            E      0       0       0        0.0%
EEDATA             100      0       0       0        0.0%
NULL                 0      0       0       0        0.0%
CODE                 0      0       0       0        0.0%
COMMON               E      E       E       1      100.0%
BITSFR0              0      0       0       1        0.0%
SFR0                 0      0       0       1        0.0%
BITSFR1              0      0       0       2        0.0%
SFR1                 0      0       0       2        0.0%
STACK                0      0       0       2        0.0%
ABS                  0      0       0       3        0.0%
BITBANK0            50      0       0       4        0.0%
BITSFR3              0      0       0       4        0.0%
SFR3                 0      0       0       4        0.0%
BANK0               50      A       A       5       12.5%
BITSFR2              0      0       0       5        0.0%
SFR2                 0      0       0       5        0.0%
BITBANK1            50      0       0       6        0.0%
BANK1               50      0       0       7        0.0%
BITBANK3            60      0       0       8        0.0%
BANK3               60      0       0       9        0.0%
BITBANK2            60      0       0      10        0.0%
BANK2               60      0       0      11        0.0%
DATA                 0      0       0      12        0.0%


Microchip Technology PIC Macro Assembler V2.45 build 20230818022343 
Symbol Table                                                                                   Thu May 30 17:24:50 2024

                              l13 07F8                                l14 07F8                                l52 064D  
                              l61 062E                                l70 066E                                l55 0659  
                              l64 0640                                l73 0677                                l49 06EB  
                              l58 0637                                l82 064C                                l67 0664  
                              l75 067C                                l76 0685                                l69 0668  
                              l85 0691                                l88 06B3                               l100 06F7  
                             l103 0728                               l236 078E                               l900 06E8  
                             l830 0653                               l910 069C                               l902 06E9  
                             l832 062F                               l840 0638                               l912 06EC  
                             l904 06EA                               l834 0634                               l842 063D  
                             l914 06F2                               l906 0686                               l930 079E  
                             l828 064D                               l836 0626                               l844 065B  
                             l852 066F                               l916 0702                               l908 068C  
                             l940 079E                               l932 079E                               l838 062B  
                             l846 0660                               l862 0641                               l854 0674  
                             l870 0739                               l950 07D3                               l942 07A9  
                             l934 079E                               l926 078F                               l848 0669  
                             l864 0644                               l856 067D                               l880 0756  
                             l872 073C                               l952 07DD                               l944 07B3  
                             l936 079E                               l928 079E                               l866 0649  
                             l858 0682                               l882 0768                               l874 0745  
                             l890 0786                               l954 07E6                               l946 07BE  
                             l938 079E                               l884 0776                               l876 0749  
                             l868 0729                               l956 07EF                               l948 07C8  
                             l886 0777                               l878 074D                               l894 06B4  
                             l888 0780                               l896 06B8                               l898 06BB  
                             u200 0653                               u201 0652                               u210 0659  
                             u211 0658                               u220 0668                               u300 0786  
                             u221 0667                               u301 0785                               u230 067C  
                             u310 06CB                               u231 067B                               u320 069C  
                             u240 0739                               u321 069B                               u241 0738  
                             u330 0702                               u331 0701                               u315 06C6  
                             u260 074D                               u261 074C                               u255 073E  
                             u407 07C4                               u280 0768                               _PEN 048A  
                             u281 0767                               u417 07D9                               u275 074F  
                             u285 0764                               u295 0778                               _SEN 0488  
                             u397 07AF                              _RCEN 048B                              _RSEN 0489  
                __end_of_I2C_NACK 064D  __end_of_I2C_Master_RepeatedStart 062F                              _main 078F  
                            btemp 007E                              start 0000                   EEPROM_Write@add 0071  
            __end_of_EEPROM_Write 06B4                  ?_I2C_Master_Init 0020                  ?_I2C_Master_Wait 0070  
                ?_I2C_Master_Stop 0070                             ?_main 0070                             _ACKEN 048C  
                           _ACKDT 048D                   __end_of___lldiv 078F                             _SSPIF 0063  
                           status 0003                             wtemp0 007E                  EEPROM_Write@data 0073  
                 __initialization 07FC                      __end_of_main 07FC                            ??_main 0028  
               ?_I2C_Master_Start 0070                 ?_I2C_Master_Write 0070                ??_I2C_Master_Start 0070  
              ??_I2C_Master_Write 0070                            _SSPADD 0093                            _TRISC3 043B  
                          _TRISC4 043C                            _SSPCON 0014                            _SSPBUF 0013  
        _I2C_Master_RepeatedStart 0626                     _I2C_Read_Byte 066F                         ??___lldiv 0078  
                       ?_I2C_NACK 0070           __end_of__initialization 07FC                    ?_I2C_Read_Byte 0070  
                  __pcstackCOMMON 0070                        ??_I2C_NACK 0070                      _EEPROM_Write 0686  
                      __pmaintext 078F                           _ACKSTAT 048E                           _SSPCON2 0091  
                         _SSPSTAT 0094                   ??_I2C_Read_Byte 0070                           ___lldiv 0729  
                         __ptext1 06B4                           __ptext2 0729                           __ptext3 0686  
                         __ptext4 06EC                           __ptext5 066F                           __ptext6 0641  
                         __ptext7 065A                           __ptext8 0638                           __ptext9 062F  
            end_of_initialization 07FC        ??_I2C_Master_RepeatedStart 0070                     ??_EEPROM_Read 0073  
                 ___lldiv@divisor 0070                   ___lldiv@counter 007D               __end_of_EEPROM_Read 0729  
             start_initialization 07FC                 ??_I2C_Master_Init 0024                 ??_I2C_Master_Wait 0070  
               ??_I2C_Master_Stop 0070                         ___latbits 0002                     __pcstackBANK0 0020  
                     _EEPROM_Read 06EC                  _I2C_Master_Start 062F                  _I2C_Master_Write 065A  
                        ?___lldiv 0070              I2C_Master_Write@data 0070                          _I2C_NACK 0641  
           __end_of_I2C_Read_Byte 0686               I2C_Master_Init@baud 0020         ?_I2C_Master_RepeatedStart 0070  
                 _I2C_Master_Init 06B4                   _I2C_Master_Wait 064D                   _I2C_Master_Stop 0638  
                        __ptext10 0626                          __ptext11 064D                     ?_EEPROM_Write 0071  
        __end_of_I2C_Master_Start 0638          __end_of_I2C_Master_Write 066F                    ??_EEPROM_Write 0074  
                    ?_EEPROM_Read 0071                  ___lldiv@dividend 0074           __end_of_I2C_Master_Init 06EC  
         __end_of_I2C_Master_Wait 065A           __end_of_I2C_Master_Stop 0641                  ___lldiv@quotient 0079  
                  EEPROM_Read@add 0071  
